[2016-05-25 14:57:10] app.INFO: NEW payment with params: Array ( )  [] []
[2016-05-25 14:57:10] app.INFO: Saved 70029 with amount 5.3 [] []
[2016-05-25 14:57:10] app.ERROR: Response message of sms is empty, translate it! domain: sms.mobile_text_sing_up.write_pin [] []
[2016-05-25 14:57:10] app.INFO: Message was responded sms.logic_mo_mt_code.sing_up_text [] []
[2016-05-25 14:57:28] app.INFO: NEW payment with params: Array ( )  [] []
[2016-05-25 14:57:28] app.INFO: Saved 279048 with amount 5.3 [] []
[2016-05-25 14:57:28] app.ERROR: Response message of sms is empty, translate it! domain: sms.mobile_text_sing_up.write_pin [] []
[2016-05-25 14:57:28] app.INFO: Message was responded sms.logic_mo_mt_code.sing_up_text [] []
[2016-05-25 15:05:52] app.INFO: NEW payment with params: Array (     [operadora] => YO     [movil] => 66666666     [host] => 7755     [country] => ES     [texto] => WOLOPAY     [id_mensaje] => ExternaltransactionId )  [] []
[2016-05-25 15:05:52] app.INFO: Saved 192330 with amount 5.3 [] []
[2016-05-25 15:05:52] app.INFO: Message was responded Write 192330 in website to continue [] []
[2016-06-10 09:58:09] app.INFO: NEW payment with params: Array ( )  [] []
[2016-06-10 09:58:09] app.INFO: Saved 378465 with amount 5.3 [] []
[2016-06-10 09:58:09] app.ERROR: Response message of sms is empty, translate it! domain: sms.mobile_text_sing_up.write_pin [] []
[2016-06-10 09:58:09] app.INFO: Message was responded sms.logic_mo_mt_code.sing_up_text [] []
[2016-06-10 09:58:16] app.INFO: NEW payment with params: Array ( )  [] []
[2016-06-10 09:58:16] app.INFO: Saved 455648 with amount 5.3 [] []
[2016-06-10 09:58:16] app.ERROR: Response message of sms is empty, translate it! domain: sms.mobile_text_sing_up.write_pin [] []
[2016-06-10 09:58:16] app.INFO: Message was responded sms.logic_mo_mt_code.sing_up_text [] []
[2016-06-10 10:18:00] app.INFO: NEW payment with params: Array (     [operadora] => YO     [movil] => 66666666     [host] => 7755     [country] => ES     [texto] => WOLOPAY     [id_mensaje] => ExternaltransactionId )  [] []
[2016-06-10 10:18:00] app.INFO: Saved 223993 with amount 5.3 [] []
[2016-06-10 10:18:00] app.INFO: Message was responded Write 223993 in website to continue [] []
