--------------------- app.HEADER: New Request http://sym2_pay_gateway.test/shop/payment/ipn/SINPAY_2016052515055745bf4e7db5a/es/WOT_5745bf3ca68f8/lygQxJY5uBPR7Oo?sms_code_id=192330, GET: sms_code_id=192330, POST: 
[2016-05-25 15:05:54] app.INFO:  === IPN NORMAL === [] []
[2016-05-25 15:05:54] app.INFO: Total amount: 5.3EUR, Profit sharing, Provider: 3.18, Wolo: 0.1, Game: 1.1001652892562, Tax: 0.9198347107438 [] []
[2016-05-25 15:05:55] app.INFO: Payment Process, payment and purchase were SAVED! [] []
[2016-05-25 15:05:55] app.INFO: Executing event: 'shop.payment.completed' [] []
[2016-05-25 15:05:55] app.INFO: Internal payment Notification are disabled [] []
[2016-05-25 15:05:55] app.INFO: php /var/www/wolopay/app/../bin/console shop:business_intelligent:send 'WOLO2|COMPRA|WOT_5745bf3ca68f8|WOP_5745bf52bf4d5|single_payment|completed|2016-05-25 15:05:54||ES|5.3|5.3|0|5.3|EUR|1|1.1001652892562|1.1001652892562|21|0.9198347107438|60|3.18||0|||122|2|122|122 Eagle Pistol|Mobile|Sms|Nvia|1|1464188732|1||DEMO5745bf3a6b4b6|Rookie|Bersermodular||normal|{givenArticles:[],extraArticles:[]}' --env=test_dev [] []
[2016-05-25 15:05:55] app.INFO: php /var/www/wolopay/app/../bin/console shop:business_intelligent:send 'WOLO2|DETALLE|WOT_5745bf3ca68f8|WOP_5745bf52bf4d5|single_payment|completed|2016-05-25 15:05:54||ES|5.3|5.3|0|5.3|EUR|1|1.1001652892562|1.1001652892562|21|0.9198347107438|60|3.18||0|||122|2|122|122 Eagle Pistol|Mobile|Sms|Nvia|1|1464188732|1||DEMO5745bf3a6b4b6|Rookie|Bersermodular||normal|{givenArticles:[],extraArticles:[]}' --env=test_dev [] []
[2016-05-25 15:05:55] app.DEBUG: manage appNotification to send [] []
[2016-05-25 15:05:55] app.INFO: exec: php /var/www/wolopay/app/../bin/console shop:app_notification:send WONOT_5745bf52e9394 --env=test_dev [] []
[2016-05-25 15:05:55] app.INFO: send node event, event: 'response_transaction_status_updated_secure', data: 'Array (     [transactionId] => WOT_5745bf3ca68f8 )  [] []
[2016-05-25 15:05:55] app.DEBUG: Connecting to the websocket [] []
[2016-05-25 15:05:55] app.DEBUG: Connected to the server [] []
[2016-05-25 15:05:55] app.DEBUG: Sending a new message {"event":"response_transaction_status_updated_secure","args":{"transactionId":"WOT_5745bf3ca68f8"}} []
[2016-05-25 15:05:55] app.DEBUG: Closing the connection to the websocket [] []
[2016-05-25 15:05:55] app.INFO: Payment completed with transactionExternalId: NVIA_SMS_NVIASMS_ExternaltransactionId [] []
[2016-05-25 15:05:55] app.INFO: Our Response code: '200', Our content: '' [] []
--------------------- app.HEADER: New Request http://sym2_pay_gateway.test/shop/payment/ipn/SINPAY_201606101017575a93d6df2d6/es/WOT_575a93c53ebfe/xjdbHiuqOfNV78t?sms_code_id=223993, GET: sms_code_id=223993, POST: 
[2016-06-10 10:18:03] app.INFO:  === IPN NORMAL === [] []
[2016-06-10 10:18:03] app.INFO: Total amount: 5.3EUR, Profit sharing, Provider: 3.18, Wolo: 0.1, Game: 1.1001652892562, Tax: 0.9198347107438 [] []
[2016-06-10 10:18:03] app.INFO: Payment Process, payment and purchase were SAVED! [] []
[2016-06-10 10:18:03] app.INFO: Executing event: 'shop.payment.completed' [] []
[2016-06-10 10:18:03] app.INFO: Internal payment Notification are disabled [] []
[2016-06-10 10:18:03] app.INFO: php /var/www/wolopay/app/../bin/console shop:business_intelligent:send 'WOLO2|COMPRA|WOT_575a93c53ebfe|WOP_575a93db199f4|single_payment|completed|2016-06-10 10:18:03|2016-06-10 12:18:03|ES|5.3|5.3|5.3|5.3|EUR|1|1.1001652892562|1.1001652892562|21|0.9198347107438|60|3.18||0|||122|2|122|122 Eagle Pistol|Mobile|Sms|Nvia|1|1465553861|1|ES|DEMO575a93c33d49e|Rookie|Bersermodular||normal|{givenArticles:[],extraArticles:[]}' --env=test_dev [] []
[2016-06-10 10:18:03] app.INFO: php /var/www/wolopay/app/../bin/console shop:business_intelligent:send 'WOLO2|DETALLE|WOT_575a93c53ebfe|WOP_575a93db199f4|single_payment|completed|2016-06-10 10:18:03|2016-06-10 12:18:03|ES|5.3|5.3|5.3|5.3|EUR|1|1.1001652892562|1.1001652892562|21|0.9198347107438|60|3.18||0|||122|2|122|122 Eagle Pistol|Mobile|Sms|Nvia|1|1465553861|1|ES|DEMO575a93c33d49e|Rookie|Bersermodular||normal|{givenArticles:[],extraArticles:[]}' --env=test_dev [] []
[2016-06-10 10:18:03] app.DEBUG: manage appNotification to send [] []
[2016-06-10 10:18:03] app.INFO: exec: php /var/www/wolopay/app/../bin/console shop:app_notification:send WONOT_575a93db3fba7 --env=test_dev [] []
[2016-06-10 10:18:03] app.INFO: send node event, event: 'response_transaction_status_updated_secure', data: 'Array (     [transactionId] => WOT_575a93c53ebfe )  [] []
[2016-06-10 10:18:03] app.DEBUG: Connecting to the websocket [] []
[2016-06-10 10:18:03] app.ERROR: NodeJSCommand error:An error occurred while trying to establish a connection to the server [] []
[2016-06-10 10:18:03] app.INFO: Payment completed with transactionExternalId: NVIA_SMS_NVIASMS_ExternaltransactionId [] []
[2016-06-10 10:18:03] app.INFO: Our Response code: '200', Our content: '' [] []
