--------------------- app.HEADER: New Request http://sym2_pay_gateway.test/shop/payment/ipn/SINPAY_2016052515045745befcc75ac/es/WOT_5745beeb04eff/PsqWkbTzKUvRZQ9?voice_code_id=596155, GET: voice_code_id=596155, POST: 
[2016-05-25 15:04:33] app.INFO:  === IPN NORMAL === [] []
[2016-05-25 15:04:33] app.INFO: Total amount: 29USD, Profit sharing, Provider: 17.4, Wolo: 0.13572, Game: 6.4312221487603, Tax: 5.0330578512397 [] []
[2016-05-25 15:04:34] app.INFO: Payment Process, payment and purchase were SAVED! [] []
[2016-05-25 15:04:34] app.INFO: Executing event: 'shop.payment.completed' [] []
[2016-05-25 15:04:34] app.INFO: Internal payment Notification are disabled [] []
[2016-05-25 15:04:34] app.INFO: php /var/www/wolopay/app/../bin/console shop:business_intelligent:send 'WOLO2|COMPRA|WOT_5745beeb04eff|WOP_5745bf01e4915|single_payment|completed|2016-05-25 15:04:33||ES|29|21.3672|0|21.3672|USD|0.7368|6.4312221487603|4.7385244792066|21|5.0330578512397|60|17.4||0|||122|2|122|122 Eagle Pistol|Voice|Voice|Nvia|1|1464188651|1||DEMO5745bee8c9ada|Rookie|Bersermodular||normal|{givenArticles:[],extraArticles:[]}' --env=test_dev [] []
[2016-05-25 15:04:34] app.INFO: php /var/www/wolopay/app/../bin/console shop:business_intelligent:send 'WOLO2|DETALLE|WOT_5745beeb04eff|WOP_5745bf01e4915|single_payment|completed|2016-05-25 15:04:33||ES|29|21.3672|0|21.3672|USD|0.7368|6.4312221487603|4.7385244792066|21|5.0330578512397|60|17.4||0|||122|2|122|122 Eagle Pistol|Voice|Voice|Nvia|1|1464188651|1||DEMO5745bee8c9ada|Rookie|Bersermodular||normal|{givenArticles:[],extraArticles:[]}' --env=test_dev [] []
[2016-05-25 15:04:34] app.DEBUG: manage appNotification to send [] []
[2016-05-25 15:04:34] app.INFO: exec: php /var/www/wolopay/app/../bin/console shop:app_notification:send WONOT_5745bf0229753 --env=test_dev [] []
[2016-05-25 15:04:34] app.INFO: send node event, event: 'response_transaction_status_updated_secure', data: 'Array (     [transactionId] => WOT_5745beeb04eff )  [] []
[2016-05-25 15:04:34] app.DEBUG: Connecting to the websocket [] []
[2016-05-25 15:04:34] app.DEBUG: Connected to the server [] []
[2016-05-25 15:04:34] app.DEBUG: Sending a new message {"event":"response_transaction_status_updated_secure","args":{"transactionId":"WOT_5745beeb04eff"}} []
[2016-05-25 15:04:34] app.DEBUG: Closing the connection to the websocket [] []
[2016-05-25 15:04:34] app.INFO: Payment completed with transactionExternalId: NVIA_VOICE_596155 [] []
[2016-05-25 15:04:34] app.INFO: Our Response code: '200', Our content: '' [] []
--------------------- app.HEADER: New Request http://sym2_pay_gateway.test/shop/payment/ipn/SINPAY_201606101016575a9386aa45d/es/WOT_575a9370acacd/ETHSLaARPdg25zI?voice_code_id=778642, GET: voice_code_id=778642, POST: 
[2016-06-10 10:16:44] app.INFO:  === IPN NORMAL === [] []
[2016-06-10 10:16:44] app.INFO: Total amount: 29USD, Profit sharing, Provider: 17.4, Wolo: 0.13572, Game: 6.4312221487603, Tax: 5.0330578512397 [] []
[2016-06-10 10:16:45] app.INFO: Payment Process, payment and purchase were SAVED! [] []
[2016-06-10 10:16:45] app.INFO: Executing event: 'shop.payment.completed' [] []
[2016-06-10 10:16:45] app.INFO: Internal payment Notification are disabled [] []
[2016-06-10 10:16:45] app.INFO: php /var/www/wolopay/app/../bin/console shop:business_intelligent:send 'WOLO2|COMPRA|WOT_575a9370acacd|WOP_575a938c19dd2|single_payment|completed|2016-06-10 10:16:44|2016-06-10 12:16:44|ES|29|21.3672|29|21.3672|USD|0.7368|6.4312221487603|4.7385244792066|21|5.0330578512397|60|17.4||0|||122|2|122|122 Eagle Pistol|Voice|Voice|Nvia|1|1465553776|1|ES|DEMO575a936e8e14c|Rookie|Bersermodular||normal|{givenArticles:[],extraArticles:[]}' --env=test_dev [] []
[2016-06-10 10:16:45] app.INFO: php /var/www/wolopay/app/../bin/console shop:business_intelligent:send 'WOLO2|DETALLE|WOT_575a9370acacd|WOP_575a938c19dd2|single_payment|completed|2016-06-10 10:16:44|2016-06-10 12:16:44|ES|29|21.3672|29|21.3672|USD|0.7368|6.4312221487603|4.7385244792066|21|5.0330578512397|60|17.4||0|||122|2|122|122 Eagle Pistol|Voice|Voice|Nvia|1|1465553776|1|ES|DEMO575a936e8e14c|Rookie|Bersermodular||normal|{givenArticles:[],extraArticles:[]}' --env=test_dev [] []
[2016-06-10 10:16:45] app.DEBUG: manage appNotification to send [] []
[2016-06-10 10:16:45] app.INFO: exec: php /var/www/wolopay/app/../bin/console shop:app_notification:send WONOT_575a938d03eee --env=test_dev [] []
[2016-06-10 10:16:45] app.INFO: send node event, event: 'response_transaction_status_updated_secure', data: 'Array (     [transactionId] => WOT_575a9370acacd )  [] []
[2016-06-10 10:16:45] app.DEBUG: Connecting to the websocket [] []
[2016-06-10 10:16:45] app.ERROR: NodeJSCommand error:An error occurred while trying to establish a connection to the server [] []
[2016-06-10 10:16:45] app.INFO: Payment completed with transactionExternalId: NVIA_VOICE_778642 [] []
[2016-06-10 10:16:45] app.INFO: Our Response code: '200', Our content: '' [] []
