--------------------- app.HEADER: New Request http://sym2_pay_gateway.dev/shop/payment/begin/simple_transaction/WOT_573dccc0735c9/en/4, GET: , POST: 
[2016-05-19 14:25:06] app.INFO: Created ipn url: 'http://sym2_pay_gateway.dev/shop/payment/ipn/SINCUSTPAY_201605191425573dccc258b44/en/WOT_573dccc0735c9/dOoVG4Lts7YExH5' [] []
[2016-05-19 14:25:06] app.INFO: Created ipn url: 'http://sym2_pay_gateway.dev/shop/payment/ipn/SINCUSTPAY_201605191425573dccc258b44/en/WOT_573dccc0735c9/dOoVG4Lts7YExH5' [] []
[2016-05-19 14:25:06] app.DEBUG: Exception in Kernel exception listener: InvalidArgumentException [] []
[2016-05-19 14:25:06] app.INFO: --- Request info PATH: /shop/payment/begin/simple_transaction/WOT_573dccc0735c9/en/4, GET: , POST:  [] []
[2016-05-19 14:25:06] app.INFO: --- Summary User info, ip:127.0.0.1, Browser: Mozilla/5.0 (X11; Linux x86_64) AppleWebKit/537.36 (KHTML, like Gecko) Chrome/49.0.2623.110 Safari/537.36 --- [] []
--------------------- app.HEADER: New Request http://sym2_pay_gateway.dev/shop/payment/begin/simple_transaction/WOT_573ef0fb70d8c/en/4, GET: , POST: 
[2016-05-20 11:11:56] app.INFO: Created ipn url: 'http://sym2_pay_gateway.dev/shop/payment/ipn/SINCUSTPAY_201605201111573ef0fc5c352/en/WOT_573ef0fb70d8c/lX0Z1JYVFBvqWji' [] []
[2016-05-20 11:11:56] app.INFO: Created ipn url: 'http://sym2_pay_gateway.dev/shop/payment/ipn/SINCUSTPAY_201605201111573ef0fc5c352/en/WOT_573ef0fb70d8c/lX0Z1JYVFBvqWji' [] []
[2016-05-20 11:11:56] app.DEBUG: Exception in Kernel exception listener: InvalidArgumentException [] []
[2016-05-20 11:11:56] app.INFO: --- Request info PATH: /shop/payment/begin/simple_transaction/WOT_573ef0fb70d8c/en/4, GET: , POST:  [] []
[2016-05-20 11:11:56] app.INFO: --- Summary User info, ip:127.0.0.1, Browser: Mozilla/5.0 (X11; Linux x86_64) AppleWebKit/537.36 (KHTML, like Gecko) Chrome/49.0.2623.110 Safari/537.36 --- [] []
--------------------- app.HEADER: New Request http://sym2_pay_gateway.dev/shop/payment/begin/simple_transaction/WOT_573f3a0fc9688/en/3, GET: , POST: 
[2016-05-20 16:23:44] app.INFO: Created ipn url: 'http://sym2_pay_gateway.dev/shop/payment/ipn/SINCUSTPAY_201605201623573f3a10a7ee4/en/WOT_573f3a0fc9688/WRr8NiQG1KUPpak' [] []
[2016-05-20 16:23:44] app.INFO: Created ipn url: 'http://sym2_pay_gateway.dev/shop/payment/ipn/SINCUSTPAY_201605201623573f3a10a7ee4/en/WOT_573f3a0fc9688/WRr8NiQG1KUPpak' [] []
[2016-05-20 16:23:44] app.DEBUG: Exception in Kernel exception listener: InvalidArgumentException [] []
[2016-05-20 16:23:44] app.INFO: --- Request info PATH: /shop/payment/begin/simple_transaction/WOT_573f3a0fc9688/en/3, GET: , POST:  [] []
[2016-05-20 16:23:44] app.INFO: --- Summary User info, ip:127.0.0.1, Browser: Mozilla/5.0 (X11; Linux x86_64) AppleWebKit/537.36 (KHTML, like Gecko) Chrome/49.0.2623.110 Safari/537.36 --- [] []
--------------------- app.HEADER: New Request http://sym2_pay_gateway.dev/shop/payment/begin/simple_transaction/WOT_573f3ad20628b/en/3, GET: , POST: 
[2016-05-20 16:26:59] app.INFO: Created ipn url: 'http://sym2_pay_gateway.dev/shop/payment/ipn/SINCUSTPAY_201605201626573f3ad2d0116/en/WOT_573f3ad20628b/PDIa2hoiLvmNRM6' [] []
[2016-05-20 16:26:59] app.INFO: Created ipn url: 'http://sym2_pay_gateway.dev/shop/payment/ipn/SINCUSTPAY_201605201626573f3ad2d0116/en/WOT_573f3ad20628b/PDIa2hoiLvmNRM6' [] []
[2016-05-20 16:26:59] app.DEBUG: Exception in Kernel exception listener: InvalidArgumentException [] []
[2016-05-20 16:26:59] app.INFO: --- Request info PATH: /shop/payment/begin/simple_transaction/WOT_573f3ad20628b/en/3, GET: , POST:  [] []
[2016-05-20 16:26:59] app.INFO: --- Summary User info, ip:127.0.0.1, Browser: Mozilla/5.0 (X11; Linux x86_64) AppleWebKit/537.36 (KHTML, like Gecko) Chrome/49.0.2623.110 Safari/537.36 --- [] []
--------------------- app.HEADER: New Request http://sym2_pay_gateway.dev/shop/payment/begin/simple_transaction/WOT_573f3b4565044/en/3, GET: , POST: 
[2016-05-20 16:28:54] app.INFO: Created ipn url: 'http://sym2_pay_gateway.dev/shop/payment/ipn/SINCUSTPAY_201605201628573f3b469102f/en/WOT_573f3b4565044/Ki0DRSPM1CGhuWz' [] []
[2016-05-20 16:28:54] app.INFO: Created ipn url: 'http://sym2_pay_gateway.dev/shop/payment/ipn/SINCUSTPAY_201605201628573f3b469102f/en/WOT_573f3b4565044/Ki0DRSPM1CGhuWz' [] []
[2016-05-20 16:28:54] app.DEBUG: Exception in Kernel exception listener: InvalidArgumentException [] []
[2016-05-20 16:28:54] app.INFO: --- Request info PATH: /shop/payment/begin/simple_transaction/WOT_573f3b4565044/en/3, GET: , POST:  [] []
[2016-05-20 16:28:54] app.INFO: --- Summary User info, ip:127.0.0.1, Browser: Mozilla/5.0 (X11; Linux x86_64) AppleWebKit/537.36 (KHTML, like Gecko) Chrome/49.0.2623.110 Safari/537.36 --- [] []
--------------------- app.HEADER: New Request http://sym2_pay_gateway.dev/shop/payment/begin/simple_transaction/WOT_5744091e7f62e/en/4, GET: , POST: 
[2016-05-24 07:56:15] app.INFO: Created ipn url: 'http://sym2_pay_gateway.dev/shop/payment/ipn/SINCUSTPAY_2016052407565744091f42371/en/WOT_5744091e7f62e/qF0hfw2UBbKlEPm' [] []
[2016-05-24 07:56:15] app.INFO: Created ipn url: 'http://sym2_pay_gateway.dev/shop/payment/ipn/SINCUSTPAY_2016052407565744091f42371/en/WOT_5744091e7f62e/qF0hfw2UBbKlEPm' [] []
[2016-05-24 07:56:15] app.DEBUG: Exception in Kernel exception listener: InvalidArgumentException [] []
[2016-05-24 07:56:15] app.INFO: --- Request info PATH: /shop/payment/begin/simple_transaction/WOT_5744091e7f62e/en/4, GET: , POST:  [] []
[2016-05-24 07:56:15] app.INFO: --- Summary User info, ip:127.0.0.1, Browser: Mozilla/5.0 (X11; Linux x86_64) AppleWebKit/537.36 (KHTML, like Gecko) Chrome/49.0.2623.110 Safari/537.36 --- [] []
--------------------- app.HEADER: New Request http://sym2_pay_gateway.test/shop/payment/begin/simple_transaction/WOT_5745be47914bb/es/3, GET: , POST: 
[2016-05-25 15:01:27] app.INFO: Created ipn url: 'http://sym2_pay_gateway.test/shop/payment/ipn/SINCUSTPAY_2016052515015745be47b1600/es/WOT_5745be47914bb/M7ZD4eVEUtdk0yB' [] []
[2016-05-25 15:01:27] app.INFO: Created ipn url: 'http://sym2_pay_gateway.test/shop/payment/ipn/SINCUSTPAY_2016052515015745be47b1600/es/WOT_5745be47914bb/M7ZD4eVEUtdk0yB' [] []
[2016-05-25 15:01:27] app.DEBUG: Exception in Kernel exception listener: InvalidArgumentException [] []
[2016-05-25 15:01:27] app.INFO: --- Request info PATH: CLI, GET: , POST:  [] []
[2016-05-25 15:01:27] app.INFO: --- Summary User info, ip:127.0.0.1, Browser: Symfony2 BrowserKit --- [] []
--------------------- app.HEADER: New Request http://sym2_pay_gateway.dev/shop/payment/begin/WOT_57582bbf5d21e/en/249/84868139-2d81-11e6-bdad-902b3456f033/ES, GET: , POST: 
[2016-06-09 07:37:13] app.DEBUG: Verifications to articleId: 84868139-2d81-11e6-bdad-902b3456f033 - single_payment [] []
[2016-06-09 07:37:13] app.DEBUG: PaymentDetailHasArticles begin 0 [] []
[2016-06-09 07:37:13] app.DEBUG: Created a new PaymentDetailHasArticles [] []
[2016-06-09 07:37:13] app.DEBUG: ExtraCost: AppBundle\Payment\Util\CartExtraCost\ExtraCostsRules\ExtraCostByPMPCRule [N/A] [] []
[2016-06-09 07:37:13] app.DEBUG: PaymeentDetailHasArticles end 1 [] []
[2016-06-09 07:37:13] app.INFO: Created ipn url: 'http://sym2_pay_gateway.dev/shop/payment/ipn/SINPAY_20160609073757591ca92548c/en/WOT_57582bbf5d21e/XvUDi5JfuMqOcNL' [] []
[2016-06-09 07:37:13] app.ERROR: InvalidArgumentException(23): ReturnUrl is not a fully qualified URL [] []
[2016-06-09 07:37:13] app.DEBUG: Exception in Kernel exception listener: InvalidArgumentException [] []
[2016-06-09 07:37:13] app.INFO: --- Request info PATH: /shop/payment/begin/WOT_57582bbf5d21e/en/249/84868139-2d81-11e6-bdad-902b3456f033/ES, GET: , POST:  [] []
[2016-06-09 07:37:13] app.INFO: --- Summary User info, ip:127.0.0.1, Browser: Mozilla/5.0 (X11; Linux x86_64) AppleWebKit/537.36 (KHTML, like Gecko) Chrome/49.0.2623.110 Safari/537.36 --- [] []
--------------------- app.HEADER: New Request http://sym2_pay_gateway.test/shop/payment/begin/simple_transaction/WOT_575a8f2b4bcd9/es/3, GET: , POST: 
[2016-06-10 09:58:03] app.INFO: Created ipn url: 'http://sym2_pay_gateway.test/shop/payment/ipn/SINCUSTPAY_201606100958575a8f2b7033a/es/WOT_575a8f2b4bcd9/xZ0G2qCJ7YALpPE' [] []
[2016-06-10 09:58:03] app.INFO: Created ipn url: 'http://sym2_pay_gateway.test/shop/payment/ipn/SINCUSTPAY_201606100958575a8f2b7033a/es/WOT_575a8f2b4bcd9/xZ0G2qCJ7YALpPE' [] []
[2016-06-10 09:58:03] app.DEBUG: Exception in Kernel exception listener: InvalidArgumentException [] []
[2016-06-10 09:58:03] app.INFO: --- Request info PATH: CLI, GET: , POST:  [] []
[2016-06-10 09:58:03] app.INFO: --- Summary User info, ip:127.0.0.1, Browser: Symfony2 BrowserKit --- [] []
--------------------- app.HEADER: New Request http://sym2_pay_gateway.dev/shop/payment/begin/WOT_575ac7194d7a8/en/126/488c41e7-2ef8-11e6-bdad-902b3456f033/ES, GET: , POST: 
[2016-06-10 15:24:21] app.DEBUG: Verifications to articleId: 488c41e7-2ef8-11e6-bdad-902b3456f033 - single_payment [] []
[2016-06-10 15:24:21] app.DEBUG: PaymentDetailHasArticles begin 0 [] []
[2016-06-10 15:24:21] app.DEBUG: Created a new PaymentDetailHasArticles [] []
[2016-06-10 15:24:21] app.DEBUG: ExtraCost: AppBundle\Payment\Util\CartExtraCost\ExtraCostsRules\ExtraCostByPMPCRule [N/A] [] []
[2016-06-10 15:24:21] app.DEBUG: PaymeentDetailHasArticles end 1 [] []
[2016-06-10 15:24:21] app.INFO: Created ipn url: 'http://sym2_pay_gateway.dev/shop/payment/ipn/SINPAY_201606101524575adba534f7d/en/WOT_575ac7194d7a8/kPdyV8FniZlh562' [] []
[2016-06-10 15:24:21] app.ERROR: InvalidArgumentException(23): ReturnUrl is not a fully qualified URL [] []
[2016-06-10 15:24:21] app.DEBUG: Exception in Kernel exception listener: InvalidArgumentException [] []
[2016-06-10 15:24:21] app.INFO: --- Request info PATH: /shop/payment/begin/WOT_575ac7194d7a8/en/126/488c41e7-2ef8-11e6-bdad-902b3456f033/ES, GET: , POST:  [] []
[2016-06-10 15:24:21] app.INFO: --- Summary User info, ip:127.0.0.1, Browser: Mozilla/5.0 (X11; Linux x86_64) AppleWebKit/537.36 (KHTML, like Gecko) Chrome/49.0.2623.110 Safari/537.36 --- [] []
--------------------- app.HEADER: New Request http://sym2_pay_gateway.dev/shop/payment/begin/WOT_575e7672e6e4f/en/3/664ea2e5-3145-11e6-bdad-902b3456f033/ES, GET: , POST: 
[2016-06-13 09:01:56] app.DEBUG: Verifications to articleId: 664ea2e5-3145-11e6-bdad-902b3456f033 - single_payment [] []
[2016-06-13 09:01:56] app.DEBUG: PaymentDetailHasArticles begin 0 [] []
[2016-06-13 09:01:56] app.DEBUG: Created a new PaymentDetailHasArticles [] []
[2016-06-13 09:01:57] app.DEBUG: ExtraCost: AppBundle\Payment\Util\CartExtraCost\ExtraCostsRules\ExtraCostByPMPCRule [N/A] [] []
[2016-06-13 09:01:57] app.DEBUG: PaymeentDetailHasArticles end 1 [] []
[2016-06-13 09:01:57] app.INFO: Created ipn url: 'http://sym2_pay_gateway.dev/shop/payment/ipn/SINPAY_201606130901575e7684ea025/en/WOT_575e7672e6e4f/gTn9108CumDSti2' [] []
[2016-06-13 09:01:57] app.ERROR: InvalidArgumentException(23): ReturnUrl is not a fully qualified URL [] []
[2016-06-13 09:01:57] app.DEBUG: Exception in Kernel exception listener: InvalidArgumentException [] []
[2016-06-13 09:01:57] app.INFO: --- Request info PATH: /shop/payment/begin/WOT_575e7672e6e4f/en/3/664ea2e5-3145-11e6-bdad-902b3456f033/ES, GET: , POST:  [] []
[2016-06-13 09:01:57] app.INFO: --- Summary User info, ip:127.0.0.1, Browser: Mozilla/5.0 (X11; Linux x86_64) AppleWebKit/537.36 (KHTML, like Gecko) Chrome/49.0.2623.110 Safari/537.36 --- [] []
--------------------- app.HEADER: New Request http://sym2_pay_gateway.dev/shop/payment/begin/WOT_575e78eb1b5bd/en/46/e38360e8-3146-11e6-bdad-902b3456f033/ES, GET: , POST: 
[2016-06-13 09:12:23] app.DEBUG: Verifications to articleId: e38360e8-3146-11e6-bdad-902b3456f033 - single_payment [] []
[2016-06-13 09:12:23] app.DEBUG: PaymentDetailHasArticles begin 0 [] []
[2016-06-13 09:12:23] app.DEBUG: Created a new PaymentDetailHasArticles [] []
[2016-06-13 09:12:23] app.DEBUG: ExtraCost: AppBundle\Payment\Util\CartExtraCost\ExtraCostsRules\ExtraCostByPMPCRule [N/A] [] []
[2016-06-13 09:12:23] app.DEBUG: PaymeentDetailHasArticles end 1 [] []
[2016-06-13 09:12:23] app.INFO: Created ipn url: 'http://sym2_pay_gateway.dev/shop/payment/ipn/SINPAY_201606130912575e78f7898ff/en/WOT_575e78eb1b5bd/UfPkXchs59N2rAB' [] []
[2016-06-13 09:12:23] app.ERROR: InvalidArgumentException(23): ReturnUrl is not a fully qualified URL [] []
[2016-06-13 09:12:23] app.DEBUG: Exception in Kernel exception listener: InvalidArgumentException [] []
[2016-06-13 09:12:23] app.INFO: --- Request info PATH: /shop/payment/begin/WOT_575e78eb1b5bd/en/46/e38360e8-3146-11e6-bdad-902b3456f033/ES, GET: , POST:  [] []
[2016-06-13 09:12:23] app.INFO: --- Summary User info, ip:127.0.0.1, Browser: Mozilla/5.0 (X11; Linux x86_64) AppleWebKit/537.36 (KHTML, like Gecko) Chrome/49.0.2623.110 Safari/537.36 --- [] []
--------------------- app.HEADER: New Request http://sym2_pay_gateway.dev/shop/payment/begin/WOT_575e790a32466/en/46/e38360e8-3146-11e6-bdad-902b3456f033/ES, GET: , POST: 
[2016-06-13 09:13:09] app.DEBUG: Verifications to articleId: e38360e8-3146-11e6-bdad-902b3456f033 - single_payment [] []
[2016-06-13 09:13:09] app.DEBUG: PaymentDetailHasArticles begin 0 [] []
[2016-06-13 09:13:09] app.DEBUG: Created a new PaymentDetailHasArticles [] []
[2016-06-13 09:13:09] app.DEBUG: ExtraCost: AppBundle\Payment\Util\CartExtraCost\ExtraCostsRules\ExtraCostByPMPCRule [N/A] [] []
[2016-06-13 09:13:09] app.DEBUG: PaymeentDetailHasArticles end 1 [] []
[2016-06-13 09:13:10] app.INFO: Created ipn url: 'http://sym2_pay_gateway.dev/shop/payment/ipn/SINPAY_201606130913575e7925e59bc/en/WOT_575e790a32466/OpScU9JxwA2b4GD' [] []
[2016-06-13 09:13:10] app.ERROR: InvalidArgumentException(23): ReturnUrl is not a fully qualified URL [] []
[2016-06-13 09:13:10] app.DEBUG: Exception in Kernel exception listener: InvalidArgumentException [] []
[2016-06-13 09:13:10] app.INFO: --- Request info PATH: /shop/payment/begin/WOT_575e790a32466/en/46/e38360e8-3146-11e6-bdad-902b3456f033/ES, GET: , POST:  [] []
[2016-06-13 09:13:10] app.INFO: --- Summary User info, ip:127.0.0.1, Browser: Mozilla/5.0 (X11; Linux x86_64) AppleWebKit/537.36 (KHTML, like Gecko) Chrome/49.0.2623.110 Safari/537.36 --- [] []
--------------------- app.HEADER: New Request http://sym2_pay_gateway.dev/shop/payment/begin/WOT_575e7dfa3242b/en/46/e38360e8-3146-11e6-bdad-902b3456f033/ES, GET: , POST: 
[2016-06-13 09:33:58] app.DEBUG: Verifications to articleId: e38360e8-3146-11e6-bdad-902b3456f033 - single_payment [] []
[2016-06-13 09:33:58] app.DEBUG: PaymentDetailHasArticles begin 0 [] []
[2016-06-13 09:33:58] app.DEBUG: Created a new PaymentDetailHasArticles [] []
[2016-06-13 09:33:58] app.DEBUG: ExtraCost: AppBundle\Payment\Util\CartExtraCost\ExtraCostsRules\ExtraCostByPMPCRule [N/A] [] []
[2016-06-13 09:33:58] app.DEBUG: PaymeentDetailHasArticles end 1 [] []
[2016-06-13 09:33:58] app.INFO: Created ipn url: 'http://sym2_pay_gateway.dev/shop/payment/ipn/SINPAY_201606130933575e7e065e04e/en/WOT_575e7dfa3242b/MliHbSdPVcU2p0f' [] []
[2016-06-13 09:33:58] app.ERROR: InvalidArgumentException(23): ReturnUrl is not a fully qualified URL [] []
[2016-06-13 09:33:58] app.DEBUG: Exception in Kernel exception listener: InvalidArgumentException [] []
[2016-06-13 09:33:58] app.INFO: --- Request info PATH: /shop/payment/begin/WOT_575e7dfa3242b/en/46/e38360e8-3146-11e6-bdad-902b3456f033/ES, GET: , POST:  [] []
[2016-06-13 09:33:58] app.INFO: --- Summary User info, ip:127.0.0.1, Browser: Mozilla/5.0 (X11; Linux x86_64) AppleWebKit/537.36 (KHTML, like Gecko) Chrome/49.0.2623.110 Safari/537.36 --- [] []
--------------------- app.HEADER: New Request http://sym2_pay_gateway.dev/shop/payment/begin/simple_transaction/WOT_575e7eaa643f4/en/46, GET: , POST: 
[2016-06-13 09:36:43] app.INFO: Created ipn url: 'http://sym2_pay_gateway.dev/shop/payment/ipn/SINCUSTPAY_201606130936575e7eab33c11/en/WOT_575e7eaa643f4/XmKNJShj3dz6TAH' [] []
[2016-06-13 09:36:43] app.INFO: Created ipn url: 'http://sym2_pay_gateway.dev/shop/payment/ipn/SINCUSTPAY_201606130936575e7eab33c11/en/WOT_575e7eaa643f4/XmKNJShj3dz6TAH' [] []
[2016-06-13 09:36:43] app.DEBUG: Exception in Kernel exception listener: InvalidArgumentException [] []
[2016-06-13 09:36:43] app.INFO: --- Request info PATH: /shop/payment/begin/simple_transaction/WOT_575e7eaa643f4/en/46, GET: , POST:  [] []
[2016-06-13 09:36:43] app.INFO: --- Summary User info, ip:127.0.0.1, Browser: Mozilla/5.0 (X11; Linux x86_64) AppleWebKit/537.36 (KHTML, like Gecko) Chrome/49.0.2623.110 Safari/537.36 --- [] []
--------------------- app.HEADER: New Request http://sym2_pay_gateway.dev/shop/payment/begin/simple_transaction/WOT_575e8f6c883a6/en/46, GET: , POST: 
[2016-06-13 10:48:13] app.INFO: Created ipn url: 'http://sym2_pay_gateway.dev/shop/payment/ipn/SINCUSTPAY_201606131048575e8f6d6f2a9/en/WOT_575e8f6c883a6/tL1PVonuvS0p2Ta' [] []
[2016-06-13 10:48:13] app.INFO: Created ipn url: 'http://sym2_pay_gateway.dev/shop/payment/ipn/SINCUSTPAY_201606131048575e8f6d6f2a9/en/WOT_575e8f6c883a6/tL1PVonuvS0p2Ta' [] []
[2016-06-13 10:48:13] app.DEBUG: Exception in Kernel exception listener: InvalidArgumentException [] []
[2016-06-13 10:48:13] app.INFO: --- Request info PATH: /shop/payment/begin/simple_transaction/WOT_575e8f6c883a6/en/46, GET: , POST:  [] []
[2016-06-13 10:48:13] app.INFO: --- Summary User info, ip:127.0.0.1, Browser: Mozilla/5.0 (X11; Linux x86_64) AppleWebKit/537.36 (KHTML, like Gecko) Chrome/49.0.2623.110 Safari/537.36 --- [] []
--------------------- app.HEADER: New Request http://sym2_pay_gateway.dev/shop/payment/begin/simple_transaction/WOT_575e9085eb780/en/46, GET: , POST: 
[2016-06-13 10:52:55] app.INFO: Created ipn url: 'http://sym2_pay_gateway.dev/shop/payment/ipn/SINCUSTPAY_201606131052575e9086cdbcf/en/WOT_575e9085eb780/rAbw9qD6Pt5xZWX' [] []
[2016-06-13 10:52:55] app.INFO: Created ipn url: 'http://sym2_pay_gateway.dev/shop/payment/ipn/SINCUSTPAY_201606131052575e9086cdbcf/en/WOT_575e9085eb780/rAbw9qD6Pt5xZWX' [] []
[2016-06-13 10:52:55] app.DEBUG: Exception in Kernel exception listener: InvalidArgumentException [] []
[2016-06-13 10:52:55] app.INFO: --- Request info PATH: /shop/payment/begin/simple_transaction/WOT_575e9085eb780/en/46, GET: , POST:  [] []
[2016-06-13 10:52:55] app.INFO: --- Summary User info, ip:127.0.0.1, Browser: Mozilla/5.0 (X11; Linux x86_64) AppleWebKit/537.36 (KHTML, like Gecko) Chrome/49.0.2623.110 Safari/537.36 --- [] []
--------------------- app.HEADER: New Request http://sym2_pay_gateway.dev/shop/payment/begin/WOT_575e93e09112a/en/46/e38360e8-3146-11e6-bdad-902b3456f033/ES, GET: , POST: 
[2016-06-13 11:07:30] app.DEBUG: Verifications to articleId: e38360e8-3146-11e6-bdad-902b3456f033 - single_payment [] []
[2016-06-13 11:07:30] app.DEBUG: PaymentDetailHasArticles begin 0 [] []
[2016-06-13 11:07:30] app.DEBUG: Created a new PaymentDetailHasArticles [] []
[2016-06-13 11:07:30] app.DEBUG: ExtraCost: AppBundle\Payment\Util\CartExtraCost\ExtraCostsRules\ExtraCostByPMPCRule [N/A] [] []
[2016-06-13 11:07:30] app.DEBUG: PaymeentDetailHasArticles end 1 [] []
[2016-06-13 11:07:31] app.INFO: Created ipn url: 'http://sym2_pay_gateway.dev/shop/payment/ipn/SINPAY_201606131107575e93f2d9dae/en/WOT_575e93e09112a/iKNfzE6mRug8nIe' [] []
[2016-06-13 11:07:31] app.ERROR: InvalidArgumentException(23): ReturnUrl is not a fully qualified URL [] []
[2016-06-13 11:07:31] app.DEBUG: Exception in Kernel exception listener: InvalidArgumentException [] []
[2016-06-13 11:07:31] app.INFO: --- Request info PATH: /shop/payment/begin/WOT_575e93e09112a/en/46/e38360e8-3146-11e6-bdad-902b3456f033/ES, GET: , POST:  [] []
[2016-06-13 11:07:31] app.INFO: --- Summary User info, ip:127.0.0.1, Browser: Mozilla/5.0 (X11; Linux x86_64) AppleWebKit/537.36 (KHTML, like Gecko) Chrome/49.0.2623.110 Safari/537.36 --- [] []
--------------------- app.HEADER: New Request http://sym2_pay_gateway.dev/shop/payment/begin/simple_transaction/WOT_575ebea125762/en/46, GET: , POST: 
[2016-06-13 14:09:38] app.INFO: Created ipn url: 'http://sym2_pay_gateway.dev/shop/payment/ipn/SINCUSTPAY_201606131409575ebea21efc6/en/WOT_575ebea125762/0FVJcXjawogenLR' [] []
[2016-06-13 14:09:38] app.INFO: Created ipn url: 'http://sym2_pay_gateway.dev/shop/payment/ipn/SINCUSTPAY_201606131409575ebea21efc6/en/WOT_575ebea125762/0FVJcXjawogenLR' [] []
[2016-06-13 14:09:38] app.DEBUG: Exception in Kernel exception listener: InvalidArgumentException [] []
[2016-06-13 14:09:38] app.INFO: --- Request info PATH: /shop/payment/begin/simple_transaction/WOT_575ebea125762/en/46, GET: , POST:  [] []
[2016-06-13 14:09:38] app.INFO: --- Summary User info, ip:127.0.0.1, Browser: Mozilla/5.0 (X11; Linux x86_64) AppleWebKit/537.36 (KHTML, like Gecko) Chrome/49.0.2623.110 Safari/537.36 --- [] []
--------------------- app.HEADER: New Request http://sym2_pay_gateway.dev/shop/payment/begin/WOT_575ec643307f5/en/46/e38360e8-3146-11e6-bdad-902b3456f033/ES, GET: , POST: 
[2016-06-13 14:42:24] app.DEBUG: Verifications to articleId: e38360e8-3146-11e6-bdad-902b3456f033 - single_payment [] []
[2016-06-13 14:42:24] app.DEBUG: PaymentDetailHasArticles begin 0 [] []
[2016-06-13 14:42:24] app.DEBUG: Created a new PaymentDetailHasArticles [] []
[2016-06-13 14:42:24] app.DEBUG: ExtraCost: AppBundle\Payment\Util\CartExtraCost\ExtraCostsRules\ExtraCostByPMPCRule [N/A] [] []
[2016-06-13 14:42:24] app.DEBUG: PaymeentDetailHasArticles end 1 [] []
[2016-06-13 14:42:24] app.INFO: Created ipn url: 'http://sym2_pay_gateway.dev/shop/payment/ipn/SINPAY_201606131442575ec6506b410/en/WOT_575ec643307f5/xAcP8QJn1mTDSaG' [] []
[2016-06-13 14:42:24] app.ERROR: InvalidArgumentException(23): ReturnUrl is not a fully qualified URL [] []
[2016-06-13 14:42:24] app.DEBUG: Exception in Kernel exception listener: InvalidArgumentException [] []
[2016-06-13 14:42:24] app.INFO: --- Request info PATH: /shop/payment/begin/WOT_575ec643307f5/en/46/e38360e8-3146-11e6-bdad-902b3456f033/ES, GET: , POST:  [] []
[2016-06-13 14:42:24] app.INFO: --- Summary User info, ip:127.0.0.1, Browser: Mozilla/5.0 (X11; Linux x86_64) AppleWebKit/537.36 (KHTML, like Gecko) Chrome/49.0.2623.110 Safari/537.36 --- [] []
--------------------- app.HEADER: New Request http://sym2_pay_gateway.dev/shop/payment/begin/simple_transaction/WOT_57626138c6857/en/45, GET: , POST: 
[2016-06-16 08:20:10] app.INFO: Created ipn url: 'http://sym2_pay_gateway.dev/shop/payment/ipn/SINCUSTPAY_20160616082057626139de8a8/en/WOT_57626138c6857/g0GiQz8Sy7IHmB5' [] []
[2016-06-16 08:20:10] app.INFO: Created ipn url: 'http://sym2_pay_gateway.dev/shop/payment/ipn/SINCUSTPAY_20160616082057626139de8a8/en/WOT_57626138c6857/g0GiQz8Sy7IHmB5' [] []
[2016-06-16 08:20:10] app.DEBUG: Exception in Kernel exception listener: InvalidArgumentException [] []
[2016-06-16 08:20:10] app.INFO: --- Request info PATH: /shop/payment/begin/simple_transaction/WOT_57626138c6857/en/45, GET: , POST:  [] []
[2016-06-16 08:20:10] app.INFO: --- Summary User info, ip:127.0.0.1, Browser: Mozilla/5.0 (X11; Linux x86_64) AppleWebKit/537.36 (KHTML, like Gecko) Chrome/49.0.2623.110 Safari/537.36 --- [] []
--------------------- app.HEADER: New Request http://sym2_pay_gateway.dev/shop/payment/begin/simple_transaction/WOT_5762618f1473c/en/44, GET: , POST: 
[2016-06-16 08:21:36] app.INFO: Created ipn url: 'http://sym2_pay_gateway.dev/shop/payment/ipn/SINCUSTPAY_2016061608215762618ff3355/en/WOT_5762618f1473c/KVaYPQBski8h2Ll' [] []
[2016-06-16 08:21:36] app.INFO: Created ipn url: 'http://sym2_pay_gateway.dev/shop/payment/ipn/SINCUSTPAY_2016061608215762618ff3355/en/WOT_5762618f1473c/KVaYPQBski8h2Ll' [] []
[2016-06-16 08:21:36] app.DEBUG: Exception in Kernel exception listener: InvalidArgumentException [] []
[2016-06-16 08:21:36] app.INFO: --- Request info PATH: /shop/payment/begin/simple_transaction/WOT_5762618f1473c/en/44, GET: , POST:  [] []
[2016-06-16 08:21:36] app.INFO: --- Summary User info, ip:127.0.0.1, Browser: Mozilla/5.0 (X11; Linux x86_64) AppleWebKit/537.36 (KHTML, like Gecko) Chrome/49.0.2623.110 Safari/537.36 --- [] []
--------------------- app.HEADER: New Request http://sym2_pay_gateway.dev/shop/payment/begin/simple_transaction/WOT_576264abd40af/en/44, GET: , POST: 
[2016-06-16 08:34:52] app.INFO: Created ipn url: 'http://sym2_pay_gateway.dev/shop/payment/ipn/SINCUSTPAY_201606160834576264acb2158/en/WOT_576264abd40af/AjRSnbt0N7gvK1x' [] []
[2016-06-16 08:34:52] app.INFO: Created ipn url: 'http://sym2_pay_gateway.dev/shop/payment/ipn/SINCUSTPAY_201606160834576264acb2158/en/WOT_576264abd40af/AjRSnbt0N7gvK1x' [] []
[2016-06-16 08:34:52] app.DEBUG: Exception in Kernel exception listener: InvalidArgumentException [] []
[2016-06-16 08:34:52] app.INFO: --- Request info PATH: /shop/payment/begin/simple_transaction/WOT_576264abd40af/en/44, GET: , POST:  [] []
[2016-06-16 08:34:52] app.INFO: --- Summary User info, ip:127.0.0.1, Browser: Mozilla/5.0 (X11; Linux x86_64) AppleWebKit/537.36 (KHTML, like Gecko) Chrome/49.0.2623.110 Safari/537.36 --- [] []
--------------------- app.HEADER: New Request http://sym2_pay_gateway.dev/shop/payment/begin/simple_transaction/WOT_57626589f2e21/en/44, GET: , POST: 
[2016-06-16 08:38:35] app.INFO: Created ipn url: 'http://sym2_pay_gateway.dev/shop/payment/ipn/SINCUSTPAY_2016061608385762658ae01fe/en/WOT_57626589f2e21/lzjtoSZ1WB4IfGe' [] []
[2016-06-16 08:38:35] app.INFO: Created ipn url: 'http://sym2_pay_gateway.dev/shop/payment/ipn/SINCUSTPAY_2016061608385762658ae01fe/en/WOT_57626589f2e21/lzjtoSZ1WB4IfGe' [] []
[2016-06-16 08:38:35] app.DEBUG: Exception in Kernel exception listener: InvalidArgumentException [] []
[2016-06-16 08:38:35] app.INFO: --- Request info PATH: /shop/payment/begin/simple_transaction/WOT_57626589f2e21/en/44, GET: , POST:  [] []
[2016-06-16 08:38:35] app.INFO: --- Summary User info, ip:127.0.0.1, Browser: Mozilla/5.0 (X11; Linux x86_64) AppleWebKit/537.36 (KHTML, like Gecko) Chrome/49.0.2623.110 Safari/537.36 --- [] []
--------------------- app.HEADER: New Request http://sym2_pay_gateway.dev/shop/payment/begin/simple_transaction/WOT_57627017a128d/en/45, GET: , POST: 
[2016-06-16 09:23:36] app.INFO: Created ipn url: 'http://sym2_pay_gateway.dev/shop/payment/ipn/SINCUSTPAY_201606160923576270186b5df/en/WOT_57627017a128d/Tqci5HEYGBhJkQM' [] []
[2016-06-16 09:23:36] app.INFO: Created ipn url: 'http://sym2_pay_gateway.dev/shop/payment/ipn/SINCUSTPAY_201606160923576270186b5df/en/WOT_57627017a128d/Tqci5HEYGBhJkQM' [] []
[2016-06-16 09:23:36] app.DEBUG: Exception in Kernel exception listener: InvalidArgumentException [] []
[2016-06-16 09:23:36] app.INFO: --- Request info PATH: /shop/payment/begin/simple_transaction/WOT_57627017a128d/en/45, GET: , POST:  [] []
[2016-06-16 09:23:36] app.INFO: --- Summary User info, ip:127.0.0.1, Browser: Mozilla/5.0 (X11; Linux x86_64) AppleWebKit/537.36 (KHTML, like Gecko) Chrome/49.0.2623.110 Safari/537.36 --- [] []
--------------------- app.HEADER: New Request http://sym2_pay_gateway.dev/shop/payment/begin/simple_transaction/WOT_5762741ae1be9/en/45, GET: , POST: 
[2016-06-16 09:40:43] app.INFO: Created ipn url: 'http://sym2_pay_gateway.dev/shop/payment/ipn/SINCUSTPAY_2016061609405762741bb7c19/en/WOT_5762741ae1be9/z2qopPtJjWvhHNB' [] []
[2016-06-16 09:40:43] app.INFO: Created ipn url: 'http://sym2_pay_gateway.dev/shop/payment/ipn/SINCUSTPAY_2016061609405762741bb7c19/en/WOT_5762741ae1be9/z2qopPtJjWvhHNB' [] []
[2016-06-16 09:40:43] app.DEBUG: Exception in Kernel exception listener: InvalidArgumentException [] []
[2016-06-16 09:40:43] app.INFO: --- Request info PATH: /shop/payment/begin/simple_transaction/WOT_5762741ae1be9/en/45, GET: , POST:  [] []
[2016-06-16 09:40:43] app.INFO: --- Summary User info, ip:127.0.0.1, Browser: Mozilla/5.0 (X11; Linux x86_64) AppleWebKit/537.36 (KHTML, like Gecko) Chrome/49.0.2623.110 Safari/537.36 --- [] []
