--------------------- app.HEADER: New Request http://sym2_pay_gateway.dev/shop/payment/begin/simple_transaction/WOT_573f3c534f401/en/10, GET: , POST: 
[2016-05-20 16:33:24] app.INFO: Created ipn url: 'http://sym2_pay_gateway.dev/shop/payment/ipn/SINCUSTPAY_201605201633573f3c5433023/en/WOT_573f3c534f401/n6iZXutRWK9PL03' [] []
[2016-05-20 16:33:24] app.INFO: Created ipn url: 'http://sym2_pay_gateway.dev/shop/payment/ipn/SINCUSTPAY_201605201633573f3c5433023/en/WOT_573f3c534f401/n6iZXutRWK9PL03' [] []
[2016-05-20 16:33:24] app.INFO: call: __construct, callparams: , msg code: no_auto_correct [] []
[2016-05-20 16:33:25] app.DEBUG: Exception in Kernel exception listener: SoapFault [] []
[2016-05-20 16:33:25] app.INFO: --- Request info PATH: /shop/payment/begin/simple_transaction/WOT_573f3c534f401/en/10, GET: , POST:  [] []
[2016-05-20 16:33:25] app.INFO: --- Summary User info, ip:127.0.0.1, Browser: Mozilla/5.0 (X11; Linux x86_64) AppleWebKit/537.36 (KHTML, like Gecko) Chrome/49.0.2623.110 Safari/537.36 --- [] []
--------------------- app.HEADER: New Request http://sym2_pay_gateway.dev/shop/payment/begin/simple_transaction/WOT_573f3c6a2a0ae/en/10, GET: , POST: 
[2016-05-20 16:33:47] app.INFO: Created ipn url: 'http://sym2_pay_gateway.dev/shop/payment/ipn/SINCUSTPAY_201605201633573f3c6af4141/en/WOT_573f3c6a2a0ae/tqmB0NjGnKfzh7D' [] []
[2016-05-20 16:33:47] app.INFO: Created ipn url: 'http://sym2_pay_gateway.dev/shop/payment/ipn/SINCUSTPAY_201605201633573f3c6af4141/en/WOT_573f3c6a2a0ae/tqmB0NjGnKfzh7D' [] []
[2016-05-20 16:33:47] app.INFO: call: __construct, callparams: , msg code: no_auto_correct [] []
[2016-05-20 16:33:47] app.DEBUG: Exception in Kernel exception listener: SoapFault [] []
[2016-05-20 16:33:47] app.INFO: --- Request info PATH: /shop/payment/begin/simple_transaction/WOT_573f3c6a2a0ae/en/10, GET: , POST:  [] []
[2016-05-20 16:33:47] app.INFO: --- Summary User info, ip:127.0.0.1, Browser: Mozilla/5.0 (X11; Linux x86_64) AppleWebKit/537.36 (KHTML, like Gecko) Chrome/49.0.2623.110 Safari/537.36 --- [] []
--------------------- app.HEADER: New Request http://sym2_pay_gateway.dev/shop/payment/begin/simple_transaction/WOT_573f3c980d864/en/10, GET: , POST: 
[2016-05-20 16:34:33] app.INFO: Created ipn url: 'http://sym2_pay_gateway.dev/shop/payment/ipn/SINCUSTPAY_201605201634573f3c9954947/en/WOT_573f3c980d864/R7VjWBUoGN5yQ6P' [] []
[2016-05-20 16:34:33] app.INFO: Created ipn url: 'http://sym2_pay_gateway.dev/shop/payment/ipn/SINCUSTPAY_201605201634573f3c9954947/en/WOT_573f3c980d864/R7VjWBUoGN5yQ6P' [] []
[2016-05-20 16:34:33] app.INFO: call: __construct, callparams: , msg code: no_auto_correct [] []
[2016-05-20 16:34:33] app.DEBUG: Exception in Kernel exception listener: SoapFault [] []
[2016-05-20 16:34:33] app.INFO: --- Request info PATH: /shop/payment/begin/simple_transaction/WOT_573f3c980d864/en/10, GET: , POST:  [] []
[2016-05-20 16:34:33] app.INFO: --- Summary User info, ip:127.0.0.1, Browser: Mozilla/5.0 (X11; Linux x86_64) AppleWebKit/537.36 (KHTML, like Gecko) Chrome/49.0.2623.110 Safari/537.36 --- [] []
--------------------- app.HEADER: New Request http://sym2_pay_gateway.dev/shop/payment/begin/simple_transaction/WOT_573f3ccbad34b/en/10, GET: , POST: 
[2016-05-20 16:35:25] app.INFO: Created ipn url: 'http://sym2_pay_gateway.dev/shop/payment/ipn/SINCUSTPAY_201605201635573f3cccc8131/en/WOT_573f3ccbad34b/NnoyvcUTj47ObaC' [] []
[2016-05-20 16:35:25] app.INFO: Created ipn url: 'http://sym2_pay_gateway.dev/shop/payment/ipn/SINCUSTPAY_201605201635573f3cccc8131/en/WOT_573f3ccbad34b/NnoyvcUTj47ObaC' [] []
[2016-05-20 16:35:25] app.INFO: call: __construct, callparams: , msg code: no_auto_correct [] []
[2016-05-20 16:35:25] app.DEBUG: Exception in Kernel exception listener: SoapFault [] []
[2016-05-20 16:35:25] app.INFO: --- Request info PATH: /shop/payment/begin/simple_transaction/WOT_573f3ccbad34b/en/10, GET: , POST:  [] []
[2016-05-20 16:35:25] app.INFO: --- Summary User info, ip:127.0.0.1, Browser: Mozilla/5.0 (X11; Linux x86_64) AppleWebKit/537.36 (KHTML, like Gecko) Chrome/49.0.2623.110 Safari/537.36 --- [] []
--------------------- app.HEADER: New Request http://sym2_pay_gateway.dev/shop/payment/begin/simple_transaction/WOT_573f3d0bdb0c1/en/10, GET: , POST: 
[2016-05-20 16:36:28] app.INFO: Created ipn url: 'http://sym2_pay_gateway.dev/shop/payment/ipn/SINCUSTPAY_201605201636573f3d0cae902/en/WOT_573f3d0bdb0c1/ZN4TfSl680tUz7Q' [] []
[2016-05-20 16:36:28] app.INFO: Created ipn url: 'http://sym2_pay_gateway.dev/shop/payment/ipn/SINCUSTPAY_201605201636573f3d0cae902/en/WOT_573f3d0bdb0c1/ZN4TfSl680tUz7Q' [] []
[2016-05-20 16:36:28] app.INFO: call: __construct, callparams: , msg code: no_auto_correct [] []
[2016-05-20 16:36:29] app.DEBUG: Exception in Kernel exception listener: SoapFault [] []
[2016-05-20 16:36:29] app.INFO: --- Request info PATH: /shop/payment/begin/simple_transaction/WOT_573f3d0bdb0c1/en/10, GET: , POST:  [] []
[2016-05-20 16:36:29] app.INFO: --- Summary User info, ip:127.0.0.1, Browser: Mozilla/5.0 (X11; Linux x86_64) AppleWebKit/537.36 (KHTML, like Gecko) Chrome/49.0.2623.110 Safari/537.36 --- [] []
--------------------- app.HEADER: New Request http://sym2_pay_gateway.dev/shop/payment/begin/simple_transaction/WOT_573f3d49c07cd/en/10, GET: , POST: 
[2016-05-20 16:37:30] app.INFO: Created ipn url: 'http://sym2_pay_gateway.dev/shop/payment/ipn/SINCUSTPAY_201605201637573f3d4a961b5/en/WOT_573f3d49c07cd/c2dT7MqGreyC5mH' [] []
[2016-05-20 16:37:30] app.INFO: Created ipn url: 'http://sym2_pay_gateway.dev/shop/payment/ipn/SINCUSTPAY_201605201637573f3d4a961b5/en/WOT_573f3d49c07cd/c2dT7MqGreyC5mH' [] []
[2016-05-20 16:37:30] app.INFO: call: __construct, callparams: , msg code: no_auto_correct [] []
[2016-05-20 16:37:31] app.DEBUG: Exception in Kernel exception listener: SoapFault [] []
[2016-05-20 16:37:31] app.INFO: --- Request info PATH: /shop/payment/begin/simple_transaction/WOT_573f3d49c07cd/en/10, GET: , POST:  [] []
[2016-05-20 16:37:31] app.INFO: --- Summary User info, ip:127.0.0.1, Browser: Mozilla/5.0 (X11; Linux x86_64) AppleWebKit/537.36 (KHTML, like Gecko) Chrome/49.0.2623.110 Safari/537.36 --- [] []
--------------------- app.HEADER: New Request http://sym2_pay_gateway.dev/shop/payment/begin/simple_transaction/WOT_573f3db6eac09/en/10, GET: , POST: 
[2016-05-20 16:39:20] app.INFO: Created ipn url: 'http://sym2_pay_gateway.dev/shop/payment/ipn/SINCUSTPAY_201605201639573f3db81d808/en/WOT_573f3db6eac09/CglNIpJrSWj9FYO' [] []
[2016-05-20 16:39:20] app.INFO: Created ipn url: 'http://sym2_pay_gateway.dev/shop/payment/ipn/SINCUSTPAY_201605201639573f3db81d808/en/WOT_573f3db6eac09/CglNIpJrSWj9FYO' [] []
[2016-05-20 16:39:20] app.INFO: call: __construct, callparams: , msg code: no_auto_correct [] []
[2016-05-20 16:39:20] app.DEBUG: Exception in Kernel exception listener: SoapFault [] []
[2016-05-20 16:39:20] app.INFO: --- Request info PATH: /shop/payment/begin/simple_transaction/WOT_573f3db6eac09/en/10, GET: , POST:  [] []
[2016-05-20 16:39:20] app.INFO: --- Summary User info, ip:127.0.0.1, Browser: Mozilla/5.0 (X11; Linux x86_64) AppleWebKit/537.36 (KHTML, like Gecko) Chrome/49.0.2623.110 Safari/537.36 --- [] []
--------------------- app.HEADER: New Request http://sym2_pay_gateway.dev/shop/payment/begin/simple_transaction/WOT_573f3dda1dc90/en/10, GET: , POST: 
[2016-05-20 16:39:55] app.INFO: Created ipn url: 'http://sym2_pay_gateway.dev/shop/payment/ipn/SINCUSTPAY_201605201639573f3ddb479a6/en/WOT_573f3dda1dc90/Isg2hQ0rqx45OBa' [] []
[2016-05-20 16:39:55] app.INFO: Created ipn url: 'http://sym2_pay_gateway.dev/shop/payment/ipn/SINCUSTPAY_201605201639573f3ddb479a6/en/WOT_573f3dda1dc90/Isg2hQ0rqx45OBa' [] []
[2016-05-20 16:39:55] app.INFO: call: __construct, callparams: , msg code: no_auto_correct [] []
[2016-05-20 16:39:55] app.DEBUG: Exception in Kernel exception listener: SoapFault [] []
[2016-05-20 16:39:55] app.INFO: --- Request info PATH: /shop/payment/begin/simple_transaction/WOT_573f3dda1dc90/en/10, GET: , POST:  [] []
[2016-05-20 16:39:55] app.INFO: --- Summary User info, ip:127.0.0.1, Browser: Mozilla/5.0 (X11; Linux x86_64) AppleWebKit/537.36 (KHTML, like Gecko) Chrome/49.0.2623.110 Safari/537.36 --- [] []
--------------------- app.HEADER: New Request http://sym2_pay_gateway.dev/shop/payment/begin/simple_transaction/WOT_573f3e743b814/en/10, GET: , POST: 
[2016-05-20 16:42:29] app.INFO: Created ipn url: 'http://sym2_pay_gateway.dev/shop/payment/ipn/SINCUSTPAY_201605201642573f3e751bd4d/en/WOT_573f3e743b814/qmGS7dea8sFxngf' [] []
[2016-05-20 16:42:29] app.INFO: Created ipn url: 'http://sym2_pay_gateway.dev/shop/payment/ipn/SINCUSTPAY_201605201642573f3e751bd4d/en/WOT_573f3e743b814/qmGS7dea8sFxngf' [] []
[2016-05-20 16:42:29] app.INFO: call: __construct, callparams: , msg code: no_auto_correct [] []
[2016-05-20 16:42:29] app.DEBUG: Exception in Kernel exception listener: SoapFault [] []
[2016-05-20 16:42:29] app.INFO: --- Request info PATH: /shop/payment/begin/simple_transaction/WOT_573f3e743b814/en/10, GET: , POST:  [] []
[2016-05-20 16:42:29] app.INFO: --- Summary User info, ip:127.0.0.1, Browser: Mozilla/5.0 (X11; Linux x86_64) AppleWebKit/537.36 (KHTML, like Gecko) Chrome/49.0.2623.110 Safari/537.36 --- [] []
--------------------- app.HEADER: New Request http://sym2_pay_gateway.dev/shop/payment/begin/simple_transaction/WOT_573f3efb19968/en/10, GET: , POST: 
[2016-05-20 16:44:44] app.INFO: Created ipn url: 'http://sym2_pay_gateway.dev/shop/payment/ipn/SINCUSTPAY_201605201644573f3efbeb091/en/WOT_573f3efb19968/JeEDs8PW4z6NZb2' [] []
[2016-05-20 16:44:44] app.INFO: Created ipn url: 'http://sym2_pay_gateway.dev/shop/payment/ipn/SINCUSTPAY_201605201644573f3efbeb091/en/WOT_573f3efb19968/JeEDs8PW4z6NZb2' [] []
[2016-05-20 16:44:44] app.INFO: call: __construct, callparams: , msg code: no_auto_correct [] []
[2016-05-20 16:44:44] app.DEBUG: Exception in Kernel exception listener: SoapFault [] []
[2016-05-20 16:44:44] app.INFO: --- Request info PATH: /shop/payment/begin/simple_transaction/WOT_573f3efb19968/en/10, GET: , POST:  [] []
[2016-05-20 16:44:44] app.INFO: --- Summary User info, ip:127.0.0.1, Browser: Mozilla/5.0 (X11; Linux x86_64) AppleWebKit/537.36 (KHTML, like Gecko) Chrome/49.0.2623.110 Safari/537.36 --- [] []
--------------------- app.HEADER: New Request http://sym2_pay_gateway.test/shop/payment/begin/WOT_5745cd1869a88/es/11/3617DC25-CE1C-42C3-984D-5B2EE78E7027,3617DC25-CE1C-42C3-984D-5B2EE78E7027,3617DC25-CE1C-42C3-984D-5B2EE78E7027/US, GET: , POST: 
[2016-05-25 16:05:05] app.DEBUG: Verifications to articleId: 3617DC25-CE1C-42C3-984D-5B2EE78E7027 - single_payment [] []
[2016-05-25 16:05:05] app.DEBUG: Verifications to articleId: 3617DC25-CE1C-42C3-984D-5B2EE78E7027 - single_payment [] []
[2016-05-25 16:05:05] app.DEBUG: Verifications to articleId: 3617DC25-CE1C-42C3-984D-5B2EE78E7027 - single_payment [] []
[2016-05-25 16:05:05] app.DEBUG: PaymentDetailHasArticles begin 0 [] []
[2016-05-25 16:05:05] app.DEBUG: Created a new PaymentDetailHasArticles [] []
[2016-05-25 16:05:05] app.DEBUG: ExtraCost: AppBundle\Payment\Util\CartExtraCost\ExtraCostsRules\ExtraCostByPMPCRule [N/A] [] []
[2016-05-25 16:05:05] app.DEBUG: PaymeentDetailHasArticles end 1 [] []
[2016-05-25 16:05:05] app.INFO: Created ipn url: 'http://sym2_pay_gateway.test/shop/payment/ipn/SINPAY_2016052516055745cd315111b/es/WOT_5745cd1869a88/6BfkM01dyUsGwYE' [] []
[2016-05-25 16:05:05] app.INFO: call: __construct, callparams: , msg code: no_auto_correct [] []
[2016-05-25 16:05:06] app.ERROR: SoapFault(799): SOAP-ERROR: Parsing WSDL: Couldn't load from 'https://soatest.paysafecard.com/psc/services/PscService?wsdl' : failed to load external entity "https://soatest.paysafecard.com/psc/services/PscService?wsdl"  [] []
[2016-05-25 16:05:06] app.DEBUG: Exception in Kernel exception listener: SoapFault [] []
[2016-05-25 16:05:06] app.INFO: --- Request info PATH: /shop/payment/begin/WOT_5745cd1869a88/es/11/3617DC25-CE1C-42C3-984D-5B2EE78E7027,3617DC25-CE1C-42C3-984D-5B2EE78E7027,3617DC25-CE1C-42C3-984D-5B2EE78E7027/US, GET: , POST:  [] []
[2016-05-25 16:05:06] app.INFO: --- Summary User info, ip:127.0.0.1, Browser: Mozilla/5.0 (X11; Linux x86_64) AppleWebKit/537.36 (KHTML, like Gecko) Chrome/49.0.2623.110 Safari/537.36 --- [] []
--------------------- app.HEADER: New Request http://sym2_pay_gateway.test/shop/payment/begin/WOT_5745cdae45c9f/es/11/BAB9910F-C22E-42F3-B2AF-77237E3E1BFF/US, GET: , POST: 
[2016-05-25 16:07:28] app.DEBUG: Verifications to articleId: BAB9910F-C22E-42F3-B2AF-77237E3E1BFF - single_payment [] []
[2016-05-25 16:07:28] app.DEBUG: PaymentDetailHasArticles begin 0 [] []
[2016-05-25 16:07:28] app.DEBUG: Created a new PaymentDetailHasArticles [] []
[2016-05-25 16:07:28] app.DEBUG: ExtraCost: AppBundle\Payment\Util\CartExtraCost\ExtraCostsRules\ExtraCostByPMPCRule [N/A] [] []
[2016-05-25 16:07:28] app.DEBUG: PaymeentDetailHasArticles end 1 [] []
[2016-05-25 16:07:29] app.INFO: Created ipn url: 'http://sym2_pay_gateway.test/shop/payment/ipn/SINPAY_2016052516075745cdc0eaeee/es/WOT_5745cdae45c9f/ex5gUyFnNLmZa47' [] []
[2016-05-25 16:07:29] app.INFO: call: __construct, callparams: , msg code: no_auto_correct [] []
[2016-05-25 16:07:29] app.ERROR: SoapFault(799): SOAP-ERROR: Parsing WSDL: Couldn't load from 'https://soatest.paysafecard.com/psc/services/PscService?wsdl' : failed to load external entity "https://soatest.paysafecard.com/psc/services/PscService?wsdl"  [] []
[2016-05-25 16:07:29] app.DEBUG: Exception in Kernel exception listener: SoapFault [] []
[2016-05-25 16:07:29] app.INFO: --- Request info PATH: /shop/payment/begin/WOT_5745cdae45c9f/es/11/BAB9910F-C22E-42F3-B2AF-77237E3E1BFF/US, GET: , POST:  [] []
[2016-05-25 16:07:29] app.INFO: --- Summary User info, ip:127.0.0.1, Browser: Mozilla/5.0 (X11; Linux x86_64) AppleWebKit/537.36 (KHTML, like Gecko) Chrome/49.0.2623.110 Safari/537.36 --- [] []
--------------------- app.HEADER: New Request http://sym2_pay_gateway.test/shop/payment/begin/WOT_575a93e5742e3/es/11/3F0EF702-21FF-4F3B-A90D-70B3091BA996,3F0EF702-21FF-4F3B-A90D-70B3091BA996,3F0EF702-21FF-4F3B-A90D-70B3091BA996/US, GET: , POST: 
[2016-06-10 10:18:37] app.DEBUG: Verifications to articleId: 3F0EF702-21FF-4F3B-A90D-70B3091BA996 - single_payment [] []
[2016-06-10 10:18:37] app.DEBUG: Verifications to articleId: 3F0EF702-21FF-4F3B-A90D-70B3091BA996 - single_payment [] []
[2016-06-10 10:18:37] app.DEBUG: Verifications to articleId: 3F0EF702-21FF-4F3B-A90D-70B3091BA996 - single_payment [] []
[2016-06-10 10:18:37] app.DEBUG: PaymentDetailHasArticles begin 0 [] []
[2016-06-10 10:18:37] app.DEBUG: Created a new PaymentDetailHasArticles [] []
[2016-06-10 10:18:37] app.DEBUG: ExtraCost: AppBundle\Payment\Util\CartExtraCost\ExtraCostsRules\ExtraCostByPMPCRule [N/A] [] []
[2016-06-10 10:18:37] app.DEBUG: PaymeentDetailHasArticles end 1 [] []
[2016-06-10 10:18:37] app.INFO: Created ipn url: 'http://sym2_pay_gateway.test/shop/payment/ipn/SINPAY_201606101018575a93fd28ac8/es/WOT_575a93e5742e3/8dOUqcQywgzaNlZ' [] []
[2016-06-10 10:18:37] app.INFO: call: __construct, callparams: , msg code: no_auto_correct [] []
[2016-06-10 10:18:37] app.ERROR: SoapFault(799): SOAP-ERROR: Parsing WSDL: Couldn't load from 'https://soatest.paysafecard.com/psc/services/PscService?wsdl' : failed to load external entity "https://soatest.paysafecard.com/psc/services/PscService?wsdl"  [] []
[2016-06-10 10:18:37] app.DEBUG: Exception in Kernel exception listener: SoapFault [] []
[2016-06-10 10:18:37] app.INFO: --- Request info PATH: /shop/payment/begin/WOT_575a93e5742e3/es/11/3F0EF702-21FF-4F3B-A90D-70B3091BA996,3F0EF702-21FF-4F3B-A90D-70B3091BA996,3F0EF702-21FF-4F3B-A90D-70B3091BA996/US, GET: , POST:  [] []
[2016-06-10 10:18:37] app.INFO: --- Summary User info, ip:127.0.0.1, Browser: Mozilla/5.0 (X11; Linux x86_64) AppleWebKit/537.36 (KHTML, like Gecko) Chrome/49.0.2623.110 Safari/537.36 --- [] []
--------------------- app.HEADER: New Request http://sym2_pay_gateway.test/shop/payment/begin/WOT_575a9405db34c/es/11/4DC128F3-657D-4D73-B857-38D5DFA54AF9/US, GET: , POST: 
[2016-06-10 10:19:02] app.DEBUG: Verifications to articleId: 4DC128F3-657D-4D73-B857-38D5DFA54AF9 - single_payment [] []
[2016-06-10 10:19:02] app.DEBUG: PaymentDetailHasArticles begin 0 [] []
[2016-06-10 10:19:02] app.DEBUG: Created a new PaymentDetailHasArticles [] []
[2016-06-10 10:19:02] app.DEBUG: ExtraCost: AppBundle\Payment\Util\CartExtraCost\ExtraCostsRules\ExtraCostByPMPCRule [N/A] [] []
[2016-06-10 10:19:02] app.DEBUG: PaymeentDetailHasArticles end 1 [] []
[2016-06-10 10:19:02] app.INFO: Created ipn url: 'http://sym2_pay_gateway.test/shop/payment/ipn/SINPAY_201606101019575a94164999f/es/WOT_575a9405db34c/nykmK14Ej9S73XA' [] []
[2016-06-10 10:19:02] app.INFO: call: __construct, callparams: , msg code: no_auto_correct [] []
[2016-06-10 10:19:02] app.ERROR: SoapFault(799): SOAP-ERROR: Parsing WSDL: Couldn't load from 'https://soatest.paysafecard.com/psc/services/PscService?wsdl' : failed to load external entity "https://soatest.paysafecard.com/psc/services/PscService?wsdl"  [] []
[2016-06-10 10:19:02] app.DEBUG: Exception in Kernel exception listener: SoapFault [] []
[2016-06-10 10:19:02] app.INFO: --- Request info PATH: /shop/payment/begin/WOT_575a9405db34c/es/11/4DC128F3-657D-4D73-B857-38D5DFA54AF9/US, GET: , POST:  [] []
[2016-06-10 10:19:02] app.INFO: --- Summary User info, ip:127.0.0.1, Browser: Mozilla/5.0 (X11; Linux x86_64) AppleWebKit/537.36 (KHTML, like Gecko) Chrome/49.0.2623.110 Safari/537.36 --- [] []
