--------------------- app.HEADER: New Request http://sym2_pay_gateway.dev/shop/payment/begin/WOT_575ac7194d7a8/en/125/488c41e7-2ef8-11e6-bdad-902b3456f033/ES, GET: , POST: 
[2016-06-10 15:24:30] app.DEBUG: Verifications to articleId: 488c41e7-2ef8-11e6-bdad-902b3456f033 - single_payment [] []
[2016-06-10 15:24:30] app.DEBUG: PaymentDetailHasArticles begin 0 [] []
[2016-06-10 15:24:30] app.DEBUG: Created a new PaymentDetailHasArticles [] []
[2016-06-10 15:24:30] app.DEBUG: ExtraCost: AppBundle\Payment\Util\CartExtraCost\ExtraCostsRules\ExtraCostByPMPCRule [N/A] [] []
[2016-06-10 15:24:30] app.DEBUG: PaymeentDetailHasArticles end 1 [] []
[2016-06-10 15:24:30] app.INFO: Created ipn url: 'http://sym2_pay_gateway.dev/shop/payment/ipn/SINPAY_201606101524575adbae22be3/en/WOT_575ac7194d7a8/pJov6xBsbkzDagV' [] []
[2016-06-10 15:24:30] app.INFO: Parameters sent: applicationCode=5bab9814-006f-445e-9780-b12b09d53bfa&referenceId=SINPAY_201606101524575adbae22be3&version=v1&channelId=2&amount=6795&currencyCode=USD&returnUrl=http%3A%2F%2Fsym2_pay_gateway.dev%2Fshop%2FWOT_575ac7194d7a8&description=1units+-+Gacha&customerId=4 [] []
[2016-06-10 15:24:30] app.INFO: Sub request: https://sandbox.rixty.com/rixtyapi/payout/payments, Post: applicationCode=5bab9814-006f-445e-9780-b12b09d53bfa&referenceId=SINPAY_201606101524575adbae22be3&version=v1&channelId=2&amount=6795&currencyCode=USD&returnUrl=http://sym2_pay_gateway.dev/shop/WOT_575ac7194d7a8&description=1units - Gacha&customerId=4&signature=2172e44b5182221905816754a224cdfb [] []
[2016-06-10 15:24:31] app.INFO: Sub request response status: 200, response body: {"amount":6795,"applicationCode":"5bab9814-006f-445e-9780-b12b09d53bfa","currencyCode":"USD","paymentId":"EGCR7CEXJKTJJG4E","paymentUrl":"https%3A%2F%2Fsandbox.rixty.com%2Fiframe%3Ftoken%3DEGCR7CEXJKTJJG4E","referenceId":"SINPAY_201606101524575adbae22be3","version":"v1","signature":"2139e340084277105ff49e19a407d64b"} [] []
[2016-06-10 15:24:31] app.INFO: Created new payment 'SINPAY_201606101524575adbae22be3 [] []
[2016-06-10 15:24:31] app.INFO: redirecting https://sandbox.rixty.com/iframe?token=EGCR7CEXJKTJJG4E [] []
--------------------- app.HEADER: New Request http://sym2_pay_gateway.dev/shop/payment/begin/WOT_575ac7194d7a8/en/125/488c41e7-2ef8-11e6-bdad-902b3456f033/ES, GET: , POST: 
[2016-06-10 15:57:59] app.DEBUG: Verifications to articleId: 488c41e7-2ef8-11e6-bdad-902b3456f033 - single_payment [] []
[2016-06-10 15:57:59] app.DEBUG: PaymentDetailHasArticles begin 0 [] []
[2016-06-10 15:57:59] app.DEBUG: Created a new PaymentDetailHasArticles [] []
[2016-06-10 15:57:59] app.DEBUG: ExtraCost: AppBundle\Payment\Util\CartExtraCost\ExtraCostsRules\ExtraCostByPMPCRule [N/A] [] []
[2016-06-10 15:57:59] app.DEBUG: PaymeentDetailHasArticles end 1 [] []
[2016-06-10 15:57:59] app.INFO: Created ipn url: 'http://sym2_pay_gateway.dev/shop/payment/ipn/SINPAY_201606101557575ae38778206/en/WOT_575ac7194d7a8/lUSVB5Cqcwusg0Q' [] []
[2016-06-10 15:57:59] app.INFO: Parameters sent: applicationCode=5bab9814-006f-445e-9780-b12b09d53bfa&referenceId=SINPAY_201606101557575ae38778206&version=v1&channelId=2&amount=6795&currencyCode=USD&returnUrl=http%3A%2F%2Fsym2_pay_gateway.dev%2Fshop%2FWOT_575ac7194d7a8&description=1units+-+Gacha&customerId=4 [] []
[2016-06-10 15:57:59] app.INFO: Sub request: https://sandbox.rixty.com/rixtyapi/payout/payments, Post: applicationCode=5bab9814-006f-445e-9780-b12b09d53bfa&referenceId=SINPAY_201606101557575ae38778206&version=v1&channelId=2&amount=6795&currencyCode=USD&returnUrl=http://sym2_pay_gateway.dev/shop/WOT_575ac7194d7a8&description=1units - Gacha&customerId=4&signature=954b2c6279109f358221cd99e2b9ddc9 [] []
[2016-06-10 15:58:00] app.INFO: Sub request response status: 200, response body: {"amount":6795,"applicationCode":"5bab9814-006f-445e-9780-b12b09d53bfa","currencyCode":"USD","paymentId":"ETJAJFA3H9CEEGAM","paymentUrl":"https%3A%2F%2Fsandbox.rixty.com%2Fiframe%3Ftoken%3DETJAJFA3H9CEEGAM","referenceId":"SINPAY_201606101557575ae38778206","version":"v1","signature":"996147da63cfec12cc80671133b19436"} [] []
[2016-06-10 15:58:00] app.INFO: Created new payment 'SINPAY_201606101557575ae38778206 [] []
[2016-06-10 15:58:00] app.INFO: redirecting https://sandbox.rixty.com/iframe?token=ETJAJFA3H9CEEGAM [] []
--------------------- app.HEADER: New Request http://sym2_pay_gateway.dev/shop/payment/begin/simple_transaction/WOT_575e6ba6d0a28/en/166, GET: , POST: 
[2016-06-13 08:15:35] app.INFO: Created ipn url: 'http://sym2_pay_gateway.dev/shop/payment/ipn/SINCUSTPAY_201606130815575e6ba7a9ad2/en/WOT_575e6ba6d0a28/86lFcTPMVXWE1t7' [] []
[2016-06-13 08:15:35] app.INFO: Created ipn url: 'http://sym2_pay_gateway.dev/shop/payment/ipn/SINCUSTPAY_201606130815575e6ba7a9ad2/en/WOT_575e6ba6d0a28/86lFcTPMVXWE1t7' [] []
[2016-06-13 08:15:35] app.INFO: Parameters sent: applicationCode=5bab9814-006f-445e-9780-b12b09d53bfa&referenceId=SINCUSTPAY_201606130815575e6ba7a9ad2&version=v1&channelId=2&amount=6786&currencyCode=USD&returnUrl=http%3A%2F%2Fsym2_pay_gateway.dev%2Fshop%2FWOT_575e6ba6d0a28&description=Wallet&customerId=2 [] []
[2016-06-13 08:15:35] app.INFO: Sub request: https://sandbox.rixty.com/rixtyapi/payout/payments, Post: applicationCode=5bab9814-006f-445e-9780-b12b09d53bfa&referenceId=SINCUSTPAY_201606130815575e6ba7a9ad2&version=v1&channelId=2&amount=6786&currencyCode=USD&returnUrl=http://sym2_pay_gateway.dev/shop/WOT_575e6ba6d0a28&description=Wallet&customerId=2&signature=00dd2f83f2c833d72b17d816d2b698ad [] []
[2016-06-13 08:15:36] app.INFO: Sub request response status: 200, response body: {"amount":6786,"applicationCode":"5bab9814-006f-445e-9780-b12b09d53bfa","currencyCode":"USD","paymentId":"CRRNJKREC4J6CG4H","paymentUrl":"https%3A%2F%2Fsandbox.rixty.com%2Fiframe%3Ftoken%3DCRRNJKREC4J6CG4H","referenceId":"SINCUSTPAY_201606130815575e6ba7a9ad2","version":"v1","signature":"f51804546149fb617b58f04a5336b746"} [] []
[2016-06-13 08:15:36] app.INFO: Created new payment 'SINCUSTPAY_201606130815575e6ba7a9ad2' and redirecting https://sandbox.rixty.com/iframe?token=CRRNJKREC4J6CG4H [] []
