--------------------- app.HEADER: New Request http://sym2_pay_gateway.dev/shop/payment/begin/WOT_575e7e1ded9a4/en/85/e379cf22-3146-11e6-bdad-902b3456f033/ES, GET: , POST: 
[2016-06-13 10:31:20] app.DEBUG: Verifications to articleId: e379cf22-3146-11e6-bdad-902b3456f033 - single_payment [] []
[2016-06-13 10:31:20] app.DEBUG: PaymentDetailHasArticles begin 0 [] []
[2016-06-13 10:31:20] app.DEBUG: Created a new PaymentDetailHasArticles [] []
[2016-06-13 10:31:20] app.DEBUG: ExtraCost: AppBundle\Payment\Util\CartExtraCost\ExtraCostsRules\ExtraCostByPMPCRule [N/A] [] []
[2016-06-13 10:31:20] app.DEBUG: PaymeentDetailHasArticles end 1 [] []
[2016-06-13 10:31:20] app.ERROR: Doctrine\DBAL\Exception\NotNullConstraintViolationException(112): An exception occurred while executing 'INSERT INTO gamer_wallet (amount_in_real_money, amount_in_virtual_money, subject, used_at, used_until_at, gamer_id, currency_real_id) VALUES (?, ?, ?, ?, ?, ?, ?)' with params [484, null, null, "2016-06-13 10:31:20", null, 5, "EUR"]:  SQLSTATE[23000]: Integrity constraint violation: 1048 Column 'subject' cannot be null [] []
[2016-06-13 10:31:20] app.DEBUG: Exception in Kernel exception listener: Doctrine\DBAL\Exception\NotNullConstraintViolationException [] []
[2016-06-13 10:31:20] app.DEBUG: Exception in Kernel exception listener: Doctrine\DBAL\Driver\PDOException [] []
[2016-06-13 10:31:20] app.INFO: --- Request info PATH: /shop/payment/begin/WOT_575e7e1ded9a4/en/85/e379cf22-3146-11e6-bdad-902b3456f033/ES, GET: , POST:  [] []
[2016-06-13 10:31:20] app.INFO: --- Summary User info, ip:127.0.0.1, Browser: Mozilla/5.0 (X11; Linux x86_64) AppleWebKit/537.36 (KHTML, like Gecko) Chrome/49.0.2623.110 Safari/537.36 --- [] []
--------------------- app.HEADER: New Request http://sym2_pay_gateway.dev/shop/payment/begin/WOT_575e7e1ded9a4/en/85/e379cf22-3146-11e6-bdad-902b3456f033/ES, GET: , POST: 
[2016-06-13 10:34:01] app.DEBUG: Verifications to articleId: e379cf22-3146-11e6-bdad-902b3456f033 - single_payment [] []
[2016-06-13 10:34:01] app.DEBUG: PaymentDetailHasArticles begin 0 [] []
[2016-06-13 10:34:01] app.DEBUG: Created a new PaymentDetailHasArticles [] []
[2016-06-13 10:34:01] app.DEBUG: ExtraCost: AppBundle\Payment\Util\CartExtraCost\ExtraCostsRules\ExtraCostByPMPCRule [N/A] [] []
[2016-06-13 10:34:01] app.DEBUG: PaymeentDetailHasArticles end 1 [] []
[2016-06-13 10:34:02] app.INFO: Total amount: 66EUR, Profit sharing, Provider: 3.3, Wolo: 0.1, Game: 51.145454545455, Tax: 11.454545454545 [] []
[2016-06-13 10:34:02] app.INFO: Payment Process, payment and purchase were SAVED! [] []
[2016-06-13 10:34:02] app.INFO: Executing event: 'shop.payment.completed' [] []
[2016-06-13 10:34:02] app.INFO: php /var/www/wolopay/app/../bin/console shop:business_intelligent:send '' --env=dev [] []
[2016-06-13 10:34:02] app.INFO: php /var/www/wolopay/app/../bin/console shop:business_intelligent:send '' --env=dev [] []
[2016-06-13 10:34:02] app.DEBUG: manage appNotification to send [] []
[2016-06-13 10:34:02] app.INFO: exec: php /var/www/wolopay/app/../bin/console shop:app_notification:send WONOT_575e8c1a21364 --env=dev [] []
[2016-06-13 10:34:02] app.INFO: send node event, event: 'response_transaction_status_updated_secure', data: 'Array (     [transactionId] => WOT_575e7e1ded9a4 )  [] []
[2016-06-13 10:34:02] app.DEBUG: Connecting to the websocket [] []
[2016-06-13 10:34:02] app.DEBUG: Connected to the server [] []
[2016-06-13 10:34:02] app.DEBUG: Sending a new message {"event":"response_transaction_status_updated_secure","args":{"transactionId":"WOT_575e7e1ded9a4"}} []
[2016-06-13 10:34:02] app.DEBUG: Closing the connection to the websocket [] []
[2016-06-13 10:34:02] app.INFO: Payment completed with transactionExternalId: WALLET_WOT_575e7e1ded9a4 [] []
--------------------- app.HEADER: New Request http://sym2_pay_gateway.dev/shop/payment/begin/WOT_575e793c034df/en/85/e38360e8-3146-11e6-bdad-902b3456f033/ES, GET: , POST: 
[2016-06-13 10:39:09] app.DEBUG: Verifications to articleId: e38360e8-3146-11e6-bdad-902b3456f033 - single_payment [] []
[2016-06-13 10:39:09] app.DEBUG: PaymentDetailHasArticles begin 0 [] []
[2016-06-13 10:39:09] app.DEBUG: Created a new PaymentDetailHasArticles [] []
[2016-06-13 10:39:09] app.DEBUG: ExtraCost: AppBundle\Payment\Util\CartExtraCost\ExtraCostsRules\ExtraCostByPMPCRule [N/A] [] []
[2016-06-13 10:39:09] app.DEBUG: PaymeentDetailHasArticles end 1 [] []
[2016-06-13 10:39:09] app.INFO: Total amount: 50EUR, Profit sharing, Provider: 2.5, Wolo: 0.1, Game: 38.722314049587, Tax: 8.6776859504132 [] []
[2016-06-13 10:39:09] app.ERROR: Doctrine\DBAL\Exception\InvalidFieldNameException(71): An exception occurred while executing 'INSERT INTO purchase (id, was_canceled, cancel_in_process, partial_payment, amount_total, amount_tax, amount_tax_paid_by_provider, tax_percent, amount_before_taxes, amount_wolo, amount_provider, amount_game, provider_fee_percent, provider_real_fee_percent, provider_fixed_fee_amount, provider_tax_amount_minimal, exchange_rate_eur, exchange_rate_usd, exchange_rate_gbp, is_wallet_exchange, cli, test, used_app_provider_credentials, reason, created_at, created_at_unix, transaction_id, provider_id, pay_method_id, country_id, country_configured_id, currency_id, gamer_id, app_id, payment_id, extra_cost_from_parent_id) VALUES (?, ?, ?, ?, ?, ?, ?, ?, ?, ?, ?, ?, ?, ?, ?, ?, ?, ?, ?, ?, ?, ?, ?, ?, ?, ?, ?, ?, ?, ?, ?, ?, ?, ?, ?, ?)' with params ["WOP_575e8d4db9fc7", 0, 0, null, 50, 8.6776859504132, 0, 21, 41.322314049587, 0.1, 2.5, 38.722314049587, 5, 5, 0, 0, 1, 1.3572, 0.7993, 0, 0, 1, 0, null, "2016-06-13 10:39:09", 1465814349, "WOT_575e793c034df", 27, 44, "ES", "ES", "EUR", 4, "DEMO575e78e007be9", "SINPAY_201606131039575e8d4d6756c", null]:  SQLSTATE[42S22]: Column not found: 1054 Unknown column 'is_wallet_exchange' in 'field list' [] []
[2016-06-13 10:39:09] app.DEBUG: Exception in Kernel exception listener: Doctrine\DBAL\Exception\InvalidFieldNameException [] []
[2016-06-13 10:39:09] app.DEBUG: Exception in Kernel exception listener: Doctrine\DBAL\Driver\PDOException [] []
[2016-06-13 10:39:09] app.INFO: --- Request info PATH: /shop/payment/begin/WOT_575e793c034df/en/85/e38360e8-3146-11e6-bdad-902b3456f033/ES, GET: , POST:  [] []
[2016-06-13 10:39:09] app.INFO: --- Summary User info, ip:127.0.0.1, Browser: Mozilla/5.0 (X11; Linux x86_64) AppleWebKit/537.36 (KHTML, like Gecko) Chrome/49.0.2623.110 Safari/537.36 --- [] []
--------------------- app.HEADER: New Request http://sym2_pay_gateway.dev/shop/payment/begin/WOT_575e793c034df/en/85/e36d8493-3146-11e6-bdad-902b3456f033/ES, GET: , POST: 
[2016-06-13 10:48:58] app.DEBUG: Verifications to articleId: e36d8493-3146-11e6-bdad-902b3456f033 - single_payment [] []
[2016-06-13 10:48:58] app.DEBUG: PaymentDetailHasArticles begin 0 [] []
[2016-06-13 10:48:58] app.DEBUG: Created a new PaymentDetailHasArticles [] []
[2016-06-13 10:48:58] app.DEBUG: ExtraCost: AppBundle\Payment\Util\CartExtraCost\ExtraCostsRules\ExtraCostByPMPCRule [N/A] [] []
[2016-06-13 10:48:58] app.DEBUG: PaymeentDetailHasArticles end 1 [] []
[2016-06-13 10:48:58] app.INFO: Total amount: 53EUR, Profit sharing, Provider: 2.65, Wolo: 0.1, Game: 41.051652892562, Tax: 9.198347107438 [] []
[2016-06-13 10:48:58] app.INFO: Payment Process, payment and purchase were SAVED! [] []
[2016-06-13 10:48:58] app.INFO: Executing event: 'shop.payment.completed' [] []
[2016-06-13 10:48:58] app.DEBUG: Exception in Kernel exception listener: Symfony\Component\Debug\Exception\FatalErrorException [] []
[2016-06-13 10:48:58] app.INFO: --- Request info PATH: /shop/payment/begin/WOT_575e793c034df/en/85/e36d8493-3146-11e6-bdad-902b3456f033/ES, GET: , POST:  [] []
[2016-06-13 10:48:58] app.INFO: --- Summary User info, ip:127.0.0.1, Browser: Mozilla/5.0 (X11; Linux x86_64) AppleWebKit/537.36 (KHTML, like Gecko) Chrome/49.0.2623.110 Safari/537.36 --- [] []
--------------------- app.HEADER: New Request http://sym2_pay_gateway.dev/shop/payment/begin/WOT_575e90239b8c4/en/85/e38360e8-3146-11e6-bdad-902b3456f033/ES, GET: , POST: 
[2016-06-13 10:54:41] app.DEBUG: Verifications to articleId: e38360e8-3146-11e6-bdad-902b3456f033 - single_payment [] []
[2016-06-13 10:54:41] app.DEBUG: PaymentDetailHasArticles begin 0 [] []
[2016-06-13 10:54:41] app.DEBUG: Created a new PaymentDetailHasArticles [] []
[2016-06-13 10:54:41] app.DEBUG: ExtraCost: AppBundle\Payment\Util\CartExtraCost\ExtraCostsRules\ExtraCostByPMPCRule [N/A] [] []
[2016-06-13 10:54:41] app.DEBUG: PaymeentDetailHasArticles end 1 [] []
[2016-06-13 10:54:41] app.INFO: Total amount: 50EUR, Profit sharing, Provider: 2.5, Wolo: 0.1, Game: 38.722314049587, Tax: 8.6776859504132 [] []
[2016-06-13 10:54:41] app.INFO: ArticleGiven set: Pistol Single Payment [] []
[2016-06-13 10:54:41] app.INFO: Payment Process, payment and purchase were SAVED! [] []
[2016-06-13 10:54:41] app.INFO: Executing event: 'shop.payment.completed' [] []
[2016-06-13 10:54:41] app.INFO: php /var/www/wolopay/app/../bin/console shop:business_intelligent:send '' --env=dev [] []
[2016-06-13 10:54:41] app.INFO: php /var/www/wolopay/app/../bin/console shop:business_intelligent:send '' --env=dev [] []
[2016-06-13 10:54:41] app.DEBUG: manage appNotification to send [] []
[2016-06-13 10:54:41] app.INFO: exec: php /var/www/wolopay/app/../bin/console shop:app_notification:send WONOT_575e90f1dc06c --env=dev [] []
[2016-06-13 10:54:42] app.INFO: send node event, event: 'response_transaction_status_updated_secure', data: 'Array (     [transactionId] => WOT_575e90239b8c4 )  [] []
[2016-06-13 10:54:42] app.DEBUG: Connecting to the websocket [] []
[2016-06-13 10:54:42] app.DEBUG: Connected to the server [] []
[2016-06-13 10:54:42] app.DEBUG: Sending a new message {"event":"response_transaction_status_updated_secure","args":{"transactionId":"WOT_575e90239b8c4"}} []
[2016-06-13 10:54:42] app.DEBUG: Closing the connection to the websocket [] []
[2016-06-13 10:54:42] app.INFO: Payment completed with transactionExternalId: WALLET_WOT_575e90239b8c4 [] []
--------------------- app.HEADER: New Request http://sym2_pay_gateway.dev/shop/payment/begin/WOT_575e90ff24112/en/85/e379cf22-3146-11e6-bdad-902b3456f033/ES, GET: , POST: 
[2016-06-13 11:05:46] app.DEBUG: Verifications to articleId: e379cf22-3146-11e6-bdad-902b3456f033 - single_payment [] []
[2016-06-13 11:05:46] app.DEBUG: PaymentDetailHasArticles begin 0 [] []
[2016-06-13 11:05:46] app.DEBUG: Created a new PaymentDetailHasArticles [] []
[2016-06-13 11:05:46] app.DEBUG: ExtraCost: AppBundle\Payment\Util\CartExtraCost\ExtraCostsRules\ExtraCostByPMPCRule [N/A] [] []
[2016-06-13 11:05:46] app.DEBUG: PaymeentDetailHasArticles end 1 [] []
[2016-06-13 11:05:47] app.INFO: Total amount: 66EUR, Profit sharing, Provider: 3.3, Wolo: 0.1, Game: 51.145454545455, Tax: 11.454545454545 [] []
[2016-06-13 11:05:47] app.INFO: Payment Process, payment and purchase were SAVED! [] []
[2016-06-13 11:05:47] app.INFO: Executing event: 'shop.payment.completed' [] []
[2016-06-13 11:05:47] app.INFO: php /var/www/wolopay/app/../bin/console shop:business_intelligent:send '' --env=dev [] []
[2016-06-13 11:05:47] app.INFO: php /var/www/wolopay/app/../bin/console shop:business_intelligent:send '' --env=dev [] []
[2016-06-13 11:05:47] app.DEBUG: manage appNotification to send [] []
[2016-06-13 11:05:47] app.INFO: exec: php /var/www/wolopay/app/../bin/console shop:app_notification:send WONOT_575e938b43d63 --env=dev [] []
[2016-06-13 11:05:47] app.INFO: send node event, event: 'response_transaction_status_updated_secure', data: 'Array (     [transactionId] => WOT_575e90ff24112 )  [] []
[2016-06-13 11:05:47] app.DEBUG: Connecting to the websocket [] []
[2016-06-13 11:05:47] app.DEBUG: Connected to the server [] []
[2016-06-13 11:05:47] app.DEBUG: Sending a new message {"event":"response_transaction_status_updated_secure","args":{"transactionId":"WOT_575e90ff24112"}} []
[2016-06-13 11:05:47] app.DEBUG: Closing the connection to the websocket [] []
[2016-06-13 11:05:47] app.INFO: Payment completed with transactionExternalId: WALLET_WOT_575e90ff24112 [] []
--------------------- app.HEADER: New Request http://sym2_pay_gateway.dev/shop/payment/begin/WOT_575e944422c5e/en/85/e38360e8-3146-11e6-bdad-902b3456f033/ES, GET: , POST: 
[2016-06-13 11:11:07] app.DEBUG: Verifications to articleId: e38360e8-3146-11e6-bdad-902b3456f033 - single_payment [] []
[2016-06-13 11:11:07] app.DEBUG: PaymentDetailHasArticles begin 0 [] []
[2016-06-13 11:11:07] app.DEBUG: Created a new PaymentDetailHasArticles [] []
[2016-06-13 11:11:07] app.DEBUG: ExtraCost: AppBundle\Payment\Util\CartExtraCost\ExtraCostsRules\ExtraCostByPMPCRule [N/A] [] []
[2016-06-13 11:11:07] app.DEBUG: PaymeentDetailHasArticles end 1 [] []
[2016-06-13 11:11:07] app.INFO: Total amount: 50EUR, Profit sharing, Provider: 2.5, Wolo: 0.1, Game: 38.722314049587, Tax: 8.6776859504132 [] []
[2016-06-13 11:11:07] app.INFO: ArticleGiven set: Pistol Single Payment [] []
[2016-06-13 11:11:08] app.INFO: Payment Process, payment and purchase were SAVED! [] []
[2016-06-13 11:11:08] app.INFO: Executing event: 'shop.payment.completed' [] []
[2016-06-13 11:11:08] app.INFO: php /var/www/wolopay/app/../bin/console shop:business_intelligent:send '' --env=dev [] []
[2016-06-13 11:11:08] app.INFO: php /var/www/wolopay/app/../bin/console shop:business_intelligent:send '' --env=dev [] []
[2016-06-13 11:11:08] app.DEBUG: manage appNotification to send [] []
[2016-06-13 11:11:08] app.INFO: exec: php /var/www/wolopay/app/../bin/console shop:app_notification:send WONOT_575e94cbe6ba2 --env=dev [] []
[2016-06-13 11:11:08] app.INFO: send node event, event: 'response_transaction_status_updated_secure', data: 'Array (     [transactionId] => WOT_575e944422c5e )  [] []
[2016-06-13 11:11:08] app.DEBUG: Connecting to the websocket [] []
[2016-06-13 11:11:08] app.DEBUG: Connected to the server [] []
[2016-06-13 11:11:08] app.DEBUG: Sending a new message {"event":"response_transaction_status_updated_secure","args":{"transactionId":"WOT_575e944422c5e"}} []
[2016-06-13 11:11:08] app.DEBUG: Closing the connection to the websocket [] []
[2016-06-13 11:11:08] app.INFO: Payment completed with transactionExternalId: WALLET_WOT_575e944422c5e [] []
--------------------- app.HEADER: New Request http://sym2_pay_gateway.dev/shop/payment/begin/WOT_575e95b277a77/en/85/e36d8493-3146-11e6-bdad-902b3456f033/ES, GET: , POST: 
[2016-06-13 11:15:45] app.DEBUG: Verifications to articleId: e36d8493-3146-11e6-bdad-902b3456f033 - single_payment [] []
[2016-06-13 11:15:45] app.DEBUG: PaymentDetailHasArticles begin 0 [] []
[2016-06-13 11:15:45] app.DEBUG: Created a new PaymentDetailHasArticles [] []
[2016-06-13 11:15:45] app.DEBUG: ExtraCost: AppBundle\Payment\Util\CartExtraCost\ExtraCostsRules\ExtraCostByPMPCRule [N/A] [] []
[2016-06-13 11:15:45] app.DEBUG: PaymeentDetailHasArticles end 1 [] []
[2016-06-13 11:15:45] app.INFO: Total amount: 53EUR, Profit sharing, Provider: 2.65, Wolo: 0.1, Game: 41.051652892562, Tax: 9.198347107438 [] []
[2016-06-13 11:15:45] app.INFO: Payment Process, payment and purchase were SAVED! [] []
[2016-06-13 11:15:45] app.INFO: Executing event: 'shop.payment.completed' [] []
[2016-06-13 11:15:45] app.INFO: php /var/www/wolopay/app/../bin/console shop:business_intelligent:send '' --env=dev [] []
[2016-06-13 11:15:45] app.INFO: php /var/www/wolopay/app/../bin/console shop:business_intelligent:send '' --env=dev [] []
[2016-06-13 11:15:45] app.DEBUG: manage appNotification to send [] []
[2016-06-13 11:15:45] app.INFO: exec: php /var/www/wolopay/app/../bin/console shop:app_notification:send WONOT_575e95e19a468 --env=dev [] []
[2016-06-13 11:15:45] app.INFO: send node event, event: 'response_transaction_status_updated_secure', data: 'Array (     [transactionId] => WOT_575e95b277a77 )  [] []
[2016-06-13 11:15:45] app.DEBUG: Connecting to the websocket [] []
[2016-06-13 11:15:45] app.DEBUG: Connected to the server [] []
[2016-06-13 11:15:45] app.DEBUG: Sending a new message {"event":"response_transaction_status_updated_secure","args":{"transactionId":"WOT_575e95b277a77"}} []
[2016-06-13 11:15:45] app.DEBUG: Closing the connection to the websocket [] []
[2016-06-13 11:15:46] app.INFO: Payment completed with transactionExternalId: WALLET_WOT_575e95b277a77 [] []
--------------------- app.HEADER: New Request http://sym2_pay_gateway.dev/shop/payment/begin/WOT_575e96314cfc1/en/85/e36d8493-3146-11e6-bdad-902b3456f033/ES, GET: , POST: 
[2016-06-13 11:17:20] app.DEBUG: Verifications to articleId: e36d8493-3146-11e6-bdad-902b3456f033 - single_payment [] []
[2016-06-13 11:17:20] app.DEBUG: PaymentDetailHasArticles begin 0 [] []
[2016-06-13 11:17:20] app.DEBUG: Created a new PaymentDetailHasArticles [] []
[2016-06-13 11:17:20] app.DEBUG: ExtraCost: AppBundle\Payment\Util\CartExtraCost\ExtraCostsRules\ExtraCostByPMPCRule [N/A] [] []
[2016-06-13 11:17:20] app.DEBUG: PaymeentDetailHasArticles end 1 [] []
[2016-06-13 11:17:21] app.INFO: Total amount: 53EUR, Profit sharing, Provider: 2.65, Wolo: 0.1, Game: 41.051652892562, Tax: 9.198347107438 [] []
[2016-06-13 11:17:21] app.INFO: Payment Process, payment and purchase were SAVED! [] []
[2016-06-13 11:17:21] app.INFO: Executing event: 'shop.payment.completed' [] []
[2016-06-13 11:17:21] app.INFO: php /var/www/wolopay/app/../bin/console shop:business_intelligent:send '' --env=dev [] []
[2016-06-13 11:17:21] app.INFO: php /var/www/wolopay/app/../bin/console shop:business_intelligent:send '' --env=dev [] []
[2016-06-13 11:17:21] app.DEBUG: manage appNotification to send [] []
[2016-06-13 11:17:21] app.INFO: exec: php /var/www/wolopay/app/../bin/console shop:app_notification:send WONOT_575e964122958 --env=dev [] []
[2016-06-13 11:17:21] app.INFO: send node event, event: 'response_transaction_status_updated_secure', data: 'Array (     [transactionId] => WOT_575e96314cfc1 )  [] []
[2016-06-13 11:17:21] app.DEBUG: Connecting to the websocket [] []
[2016-06-13 11:17:21] app.DEBUG: Connected to the server [] []
[2016-06-13 11:17:21] app.DEBUG: Sending a new message {"event":"response_transaction_status_updated_secure","args":{"transactionId":"WOT_575e96314cfc1"}} []
[2016-06-13 11:17:21] app.DEBUG: Closing the connection to the websocket [] []
[2016-06-13 11:17:21] app.INFO: Payment completed with transactionExternalId: WALLET_WOT_575e96314cfc1 [] []
--------------------- app.HEADER: New Request http://sym2_pay_gateway.dev/shop/payment/begin/WOT_575e96b6440b0/en/85/e38360e8-3146-11e6-bdad-902b3456f033/ES, GET: , POST: 
[2016-06-13 11:19:29] app.DEBUG: Verifications to articleId: e38360e8-3146-11e6-bdad-902b3456f033 - single_payment [] []
[2016-06-13 11:19:29] app.DEBUG: PaymentDetailHasArticles begin 0 [] []
[2016-06-13 11:19:29] app.DEBUG: Created a new PaymentDetailHasArticles [] []
[2016-06-13 11:19:29] app.DEBUG: ExtraCost: AppBundle\Payment\Util\CartExtraCost\ExtraCostsRules\ExtraCostByPMPCRule [N/A] [] []
[2016-06-13 11:19:29] app.DEBUG: PaymeentDetailHasArticles end 1 [] []
[2016-06-13 11:19:29] app.INFO: Total amount: 50EUR, Profit sharing, Provider: 2.5, Wolo: 0.1, Game: 38.722314049587, Tax: 8.6776859504132 [] []
[2016-06-13 11:19:30] app.INFO: ArticleGiven set: Pistol Single Payment [] []
[2016-06-13 11:19:30] app.INFO: Payment Process, payment and purchase were SAVED! [] []
[2016-06-13 11:19:30] app.INFO: Executing event: 'shop.payment.completed' [] []
[2016-06-13 11:19:30] app.INFO: php /var/www/wolopay/app/../bin/console shop:business_intelligent:send '' --env=dev [] []
[2016-06-13 11:19:30] app.INFO: php /var/www/wolopay/app/../bin/console shop:business_intelligent:send '' --env=dev [] []
[2016-06-13 11:19:30] app.DEBUG: manage appNotification to send [] []
[2016-06-13 11:19:30] app.INFO: exec: php /var/www/wolopay/app/../bin/console shop:app_notification:send WONOT_575e96c219f96 --env=dev [] []
[2016-06-13 11:19:30] app.INFO: send node event, event: 'response_transaction_status_updated_secure', data: 'Array (     [transactionId] => WOT_575e96b6440b0 )  [] []
[2016-06-13 11:19:30] app.DEBUG: Connecting to the websocket [] []
[2016-06-13 11:19:30] app.DEBUG: Connected to the server [] []
[2016-06-13 11:19:30] app.DEBUG: Sending a new message {"event":"response_transaction_status_updated_secure","args":{"transactionId":"WOT_575e96b6440b0"}} []
[2016-06-13 11:19:30] app.DEBUG: Closing the connection to the websocket [] []
[2016-06-13 11:19:30] app.INFO: Payment completed with transactionExternalId: WALLET_WOT_575e96b6440b0 [] []
--------------------- app.HEADER: New Request http://sym2_pay_gateway.dev/shop/payment/begin/WOT_575e96f9e48eb/en/85/e38360e8-3146-11e6-bdad-902b3456f033/ES, GET: , POST: 
[2016-06-13 11:20:40] app.DEBUG: Verifications to articleId: e38360e8-3146-11e6-bdad-902b3456f033 - single_payment [] []
[2016-06-13 11:20:40] app.DEBUG: PaymentDetailHasArticles begin 0 [] []
[2016-06-13 11:20:40] app.DEBUG: Created a new PaymentDetailHasArticles [] []
[2016-06-13 11:20:40] app.DEBUG: ExtraCost: AppBundle\Payment\Util\CartExtraCost\ExtraCostsRules\ExtraCostByPMPCRule [N/A] [] []
[2016-06-13 11:20:40] app.DEBUG: PaymeentDetailHasArticles end 1 [] []
[2016-06-13 11:20:40] app.INFO: Total amount: 50EUR, Profit sharing, Provider: 2.5, Wolo: 0.1, Game: 38.722314049587, Tax: 8.6776859504132 [] []
[2016-06-13 11:20:40] app.INFO: ArticleGiven set: Pistol Single Payment [] []
[2016-06-13 11:20:40] app.INFO: Payment Process, payment and purchase were SAVED! [] []
[2016-06-13 11:20:40] app.INFO: Executing event: 'shop.payment.completed' [] []
[2016-06-13 11:20:40] app.INFO: php /var/www/wolopay/app/../bin/console shop:business_intelligent:send '' --env=dev [] []
[2016-06-13 11:20:41] app.INFO: php /var/www/wolopay/app/../bin/console shop:business_intelligent:send '' --env=dev [] []
[2016-06-13 11:20:41] app.DEBUG: manage appNotification to send [] []
[2016-06-13 11:20:41] app.INFO: exec: php /var/www/wolopay/app/../bin/console shop:app_notification:send WONOT_575e9708e02ed --env=dev [] []
[2016-06-13 11:20:41] app.INFO: send node event, event: 'response_transaction_status_updated_secure', data: 'Array (     [transactionId] => WOT_575e96f9e48eb )  [] []
[2016-06-13 11:20:41] app.DEBUG: Connecting to the websocket [] []
[2016-06-13 11:20:41] app.DEBUG: Connected to the server [] []
[2016-06-13 11:20:41] app.DEBUG: Sending a new message {"event":"response_transaction_status_updated_secure","args":{"transactionId":"WOT_575e96f9e48eb"}} []
[2016-06-13 11:20:41] app.DEBUG: Closing the connection to the websocket [] []
[2016-06-13 11:20:41] app.INFO: Payment completed with transactionExternalId: WALLET_WOT_575e96f9e48eb [] []
--------------------- app.HEADER: New Request http://sym2_pay_gateway.dev/shop/payment/begin/WOT_575e9f5048914/en/85/e38360e8-3146-11e6-bdad-902b3456f033/ES, GET: , POST: 
[2016-06-13 11:57:33] app.DEBUG: Verifications to articleId: e38360e8-3146-11e6-bdad-902b3456f033 - single_payment [] []
[2016-06-13 11:57:33] app.DEBUG: PaymentDetailHasArticles begin 0 [] []
[2016-06-13 11:57:33] app.DEBUG: Created a new PaymentDetailHasArticles [] []
[2016-06-13 11:57:33] app.DEBUG: ExtraCost: AppBundle\Payment\Util\CartExtraCost\ExtraCostsRules\ExtraCostByPMPCRule [N/A] [] []
[2016-06-13 11:57:33] app.DEBUG: PaymeentDetailHasArticles end 1 [] []
[2016-06-13 11:57:33] app.INFO: Total amount: 50EUR, Profit sharing, Provider: 2.5, Wolo: 0.1, Game: 38.722314049587, Tax: 8.6776859504132 [] []
[2016-06-13 11:57:33] app.INFO: ArticleGiven set: Pistol Single Payment [] []
[2016-06-13 11:57:33] app.INFO: Payment Process, payment and purchase were SAVED! [] []
[2016-06-13 11:57:33] app.INFO: Executing event: 'shop.payment.completed' [] []
[2016-06-13 11:57:33] app.INFO: php /var/www/wolopay/app/../bin/console shop:business_intelligent:send '' --env=dev [] []
[2016-06-13 11:57:33] app.INFO: php /var/www/wolopay/app/../bin/console shop:business_intelligent:send '' --env=dev [] []
[2016-06-13 11:57:33] app.DEBUG: manage appNotification to send [] []
[2016-06-13 11:57:33] app.INFO: exec: php /var/www/wolopay/app/../bin/console shop:app_notification:send WONOT_575e9fadab08b --env=dev [] []
[2016-06-13 11:57:33] app.INFO: send node event, event: 'response_transaction_status_updated_secure', data: 'Array (     [transactionId] => WOT_575e9f5048914 )  [] []
[2016-06-13 11:57:33] app.DEBUG: Connecting to the websocket [] []
[2016-06-13 11:57:33] app.DEBUG: Connected to the server [] []
[2016-06-13 11:57:33] app.DEBUG: Sending a new message {"event":"response_transaction_status_updated_secure","args":{"transactionId":"WOT_575e9f5048914"}} []
[2016-06-13 11:57:34] app.DEBUG: Closing the connection to the websocket [] []
[2016-06-13 11:57:34] app.INFO: Payment completed with transactionExternalId: WALLET_WOT_575e9f5048914 [] []
--------------------- app.HEADER: New Request http://sym2_pay_gateway.dev/shop/payment/begin/WOT_575ebbb8a9731/en/85/e38360e8-3146-11e6-bdad-902b3456f033/ES, GET: , POST: 
[2016-06-13 13:58:33] app.DEBUG: Verifications to articleId: e38360e8-3146-11e6-bdad-902b3456f033 - single_payment [] []
[2016-06-13 13:58:33] app.DEBUG: PaymentDetailHasArticles begin 0 [] []
[2016-06-13 13:58:33] app.DEBUG: Created a new PaymentDetailHasArticles [] []
[2016-06-13 13:58:33] app.DEBUG: ExtraCost: AppBundle\Payment\Util\CartExtraCost\ExtraCostsRules\ExtraCostByPMPCRule [N/A] [] []
[2016-06-13 13:58:33] app.DEBUG: PaymeentDetailHasArticles end 1 [] []
[2016-06-13 13:58:33] app.INFO: Total amount: 50EUR, Profit sharing, Provider: 2.5, Wolo: 0.1, Game: 38.722314049587, Tax: 8.6776859504132 [] []
[2016-06-13 13:58:33] app.INFO: ArticleGiven set: Pistol Single Payment [] []
[2016-06-13 13:58:33] app.INFO: JOJOJOOJOJ [] []
[2016-06-13 13:58:33] app.INFO: JIJIJI [] []
[2016-06-13 13:58:33] app.INFO: Payment Process, payment and purchase were SAVED! [] []
[2016-06-13 13:58:33] app.INFO: Executing event: 'shop.payment.completed' [] []
[2016-06-13 13:58:33] app.INFO: php /var/www/wolopay/app/../bin/console shop:business_intelligent:send '' --env=dev [] []
[2016-06-13 13:58:33] app.INFO: php /var/www/wolopay/app/../bin/console shop:business_intelligent:send '' --env=dev [] []
[2016-06-13 13:58:33] app.DEBUG: manage appNotification to send [] []
[2016-06-13 13:58:33] app.INFO: exec: php /var/www/wolopay/app/../bin/console shop:app_notification:send WONOT_575ebc09de89c --env=dev [] []
[2016-06-13 13:58:34] app.INFO: send node event, event: 'response_transaction_status_updated_secure', data: 'Array (     [transactionId] => WOT_575ebbb8a9731 )  [] []
[2016-06-13 13:58:34] app.DEBUG: Connecting to the websocket [] []
[2016-06-13 13:58:34] app.DEBUG: Connected to the server [] []
[2016-06-13 13:58:34] app.DEBUG: Sending a new message {"event":"response_transaction_status_updated_secure","args":{"transactionId":"WOT_575ebbb8a9731"}} []
[2016-06-13 13:58:34] app.DEBUG: Closing the connection to the websocket [] []
[2016-06-13 13:58:34] app.INFO: Payment completed with transactionExternalId: WALLET_WOT_575ebbb8a9731 [] []
--------------------- app.HEADER: New Request http://sym2_pay_gateway.dev/shop/payment/begin/WOT_575ebe7334c2b/en/85/e38360e8-3146-11e6-bdad-902b3456f033/ES, GET: , POST: 
[2016-06-13 14:09:03] app.DEBUG: Verifications to articleId: e38360e8-3146-11e6-bdad-902b3456f033 - single_payment [] []
[2016-06-13 14:09:03] app.DEBUG: PaymentDetailHasArticles begin 0 [] []
[2016-06-13 14:09:03] app.DEBUG: Created a new PaymentDetailHasArticles [] []
[2016-06-13 14:09:03] app.DEBUG: ExtraCost: AppBundle\Payment\Util\CartExtraCost\ExtraCostsRules\ExtraCostByPMPCRule [N/A] [] []
[2016-06-13 14:09:03] app.DEBUG: PaymeentDetailHasArticles end 1 [] []
[2016-06-13 14:09:03] app.ERROR: AppBundle\Exception\NviaException(127): Gamer haven't enough money to pay [] []
[2016-06-13 14:09:03] app.DEBUG: Exception in Kernel exception listener: AppBundle\Exception\NviaException [] []
[2016-06-13 14:09:03] app.INFO: --- Request info PATH: /shop/payment/begin/WOT_575ebe7334c2b/en/85/e38360e8-3146-11e6-bdad-902b3456f033/ES, GET: , POST:  [] []
[2016-06-13 14:09:03] app.INFO: --- Summary User info, ip:127.0.0.1, Browser: Mozilla/5.0 (X11; Linux x86_64) AppleWebKit/537.36 (KHTML, like Gecko) Chrome/49.0.2623.110 Safari/537.36 --- [] []
--------------------- app.HEADER: New Request http://sym2_pay_gateway.dev/shop/payment/begin/WOT_575ebe7334c2b/en/85/e38360e8-3146-11e6-bdad-902b3456f033/ES, GET: , POST: 
[2016-06-13 14:09:11] app.DEBUG: Verifications to articleId: e38360e8-3146-11e6-bdad-902b3456f033 - single_payment [] []
[2016-06-13 14:09:11] app.DEBUG: PaymentDetailHasArticles begin 0 [] []
[2016-06-13 14:09:11] app.DEBUG: Created a new PaymentDetailHasArticles [] []
[2016-06-13 14:09:11] app.DEBUG: ExtraCost: AppBundle\Payment\Util\CartExtraCost\ExtraCostsRules\ExtraCostByPMPCRule [N/A] [] []
[2016-06-13 14:09:11] app.DEBUG: PaymeentDetailHasArticles end 1 [] []
[2016-06-13 14:09:12] app.ERROR: AppBundle\Exception\NviaException(127): Gamer haven't enough money to pay [] []
[2016-06-13 14:09:12] app.DEBUG: Exception in Kernel exception listener: AppBundle\Exception\NviaException [] []
[2016-06-13 14:09:12] app.INFO: --- Request info PATH: /shop/payment/begin/WOT_575ebe7334c2b/en/85/e38360e8-3146-11e6-bdad-902b3456f033/ES, GET: , POST:  [] []
[2016-06-13 14:09:12] app.INFO: --- Summary User info, ip:127.0.0.1, Browser: Mozilla/5.0 (X11; Linux x86_64) AppleWebKit/537.36 (KHTML, like Gecko) Chrome/49.0.2623.110 Safari/537.36 --- [] []
--------------------- app.HEADER: New Request http://sym2_pay_gateway.dev/shop/payment/begin/WOT_575ebe7334c2b/en/85/e36d8493-3146-11e6-bdad-902b3456f033/ES, GET: , POST: 
[2016-06-13 14:10:35] app.DEBUG: Verifications to articleId: e36d8493-3146-11e6-bdad-902b3456f033 - single_payment [] []
[2016-06-13 14:10:35] app.DEBUG: PaymentDetailHasArticles begin 0 [] []
[2016-06-13 14:10:35] app.DEBUG: Created a new PaymentDetailHasArticles [] []
[2016-06-13 14:10:35] app.DEBUG: ExtraCost: AppBundle\Payment\Util\CartExtraCost\ExtraCostsRules\ExtraCostByPMPCRule [N/A] [] []
[2016-06-13 14:10:35] app.DEBUG: PaymeentDetailHasArticles end 1 [] []
[2016-06-13 14:10:35] app.INFO: Total amount: 53EUR, Profit sharing, Provider: 2.65, Wolo: 0.1, Game: 41.051652892562, Tax: 9.198347107438 [] []
[2016-06-13 14:10:35] app.INFO: JIJIJI [] []
[2016-06-13 14:10:35] app.INFO: Payment Process, payment and purchase were SAVED! [] []
[2016-06-13 14:10:35] app.INFO: Executing event: 'shop.payment.completed' [] []
[2016-06-13 14:10:35] app.INFO: php /var/www/wolopay/app/../bin/console shop:business_intelligent:send '' --env=dev [] []
[2016-06-13 14:10:35] app.INFO: php /var/www/wolopay/app/../bin/console shop:business_intelligent:send '' --env=dev [] []
[2016-06-13 14:10:35] app.DEBUG: manage appNotification to send [] []
[2016-06-13 14:10:35] app.INFO: exec: php /var/www/wolopay/app/../bin/console shop:app_notification:send WONOT_575ebedb85fdc --env=dev [] []
[2016-06-13 14:10:35] app.INFO: send node event, event: 'response_transaction_status_updated_secure', data: 'Array (     [transactionId] => WOT_575ebe7334c2b )  [] []
[2016-06-13 14:10:35] app.DEBUG: Connecting to the websocket [] []
[2016-06-13 14:10:35] app.DEBUG: Connected to the server [] []
[2016-06-13 14:10:35] app.DEBUG: Sending a new message {"event":"response_transaction_status_updated_secure","args":{"transactionId":"WOT_575ebe7334c2b"}} []
[2016-06-13 14:10:35] app.DEBUG: Closing the connection to the websocket [] []
[2016-06-13 14:10:35] app.INFO: Payment completed with transactionExternalId: WALLET_WOT_575ebe7334c2b [] []
--------------------- app.HEADER: New Request http://sym2_pay_gateway.dev/shop/payment/begin/WOT_575ebf50624f2/en/85/e38360e8-3146-11e6-bdad-902b3456f033/ES, GET: , POST: 
[2016-06-13 14:12:59] app.DEBUG: Verifications to articleId: e38360e8-3146-11e6-bdad-902b3456f033 - single_payment [] []
[2016-06-13 14:13:00] app.DEBUG: PaymentDetailHasArticles begin 0 [] []
[2016-06-13 14:13:00] app.DEBUG: Created a new PaymentDetailHasArticles [] []
[2016-06-13 14:13:00] app.DEBUG: ExtraCost: AppBundle\Payment\Util\CartExtraCost\ExtraCostsRules\ExtraCostByPMPCRule [N/A] [] []
[2016-06-13 14:13:00] app.DEBUG: PaymeentDetailHasArticles end 1 [] []
[2016-06-13 14:13:00] app.INFO: Total amount: 50EUR, Profit sharing, Provider: 2.5, Wolo: 0.1, Game: 38.722314049587, Tax: 8.6776859504132 [] []
[2016-06-13 14:13:00] app.INFO: ArticleGiven set: Pistol Single Payment [] []
[2016-06-13 14:13:00] app.INFO: Payment Process, payment and purchase were SAVED! [] []
[2016-06-13 14:13:00] app.INFO: Executing event: 'shop.payment.completed' [] []
[2016-06-13 14:13:00] app.INFO: php /var/www/wolopay/app/../bin/console shop:business_intelligent:send '' --env=dev [] []
[2016-06-13 14:13:00] app.INFO: php /var/www/wolopay/app/../bin/console shop:business_intelligent:send '' --env=dev [] []
[2016-06-13 14:13:00] app.DEBUG: manage appNotification to send [] []
[2016-06-13 14:13:00] app.INFO: exec: php /var/www/wolopay/app/../bin/console shop:app_notification:send WONOT_575ebf6c667f0 --env=dev [] []
[2016-06-13 14:13:00] app.INFO: send node event, event: 'response_transaction_status_updated_secure', data: 'Array (     [transactionId] => WOT_575ebf50624f2 )  [] []
[2016-06-13 14:13:00] app.DEBUG: Connecting to the websocket [] []
[2016-06-13 14:13:00] app.DEBUG: Connected to the server [] []
[2016-06-13 14:13:00] app.DEBUG: Sending a new message {"event":"response_transaction_status_updated_secure","args":{"transactionId":"WOT_575ebf50624f2"}} []
[2016-06-13 14:13:00] app.DEBUG: Closing the connection to the websocket [] []
[2016-06-13 14:13:00] app.INFO: Payment completed with transactionExternalId: WALLET_WOT_575ebf50624f2 [] []
--------------------- app.HEADER: New Request http://sym2_pay_gateway.dev/shop/payment/begin/WOT_575ec148720fd/en/85/e36d8493-3146-11e6-bdad-902b3456f033/ES, GET: , POST: 
[2016-06-13 14:26:06] app.DEBUG: Verifications to articleId: e36d8493-3146-11e6-bdad-902b3456f033 - single_payment [] []
[2016-06-13 14:26:06] app.DEBUG: PaymentDetailHasArticles begin 0 [] []
[2016-06-13 14:26:06] app.DEBUG: Created a new PaymentDetailHasArticles [] []
[2016-06-13 14:26:06] app.DEBUG: ExtraCost: AppBundle\Payment\Util\CartExtraCost\ExtraCostsRules\ExtraCostByPMPCRule [N/A] [] []
[2016-06-13 14:26:06] app.DEBUG: PaymeentDetailHasArticles end 1 [] []
[2016-06-13 14:26:06] app.INFO: Total amount: 53EUR, Profit sharing, Provider: 2.65, Wolo: 0.1, Game: 41.051652892562, Tax: 9.198347107438 [] []
[2016-06-13 14:26:06] app.INFO: JIJIJI [] []
[2016-06-13 14:26:06] app.INFO: Payment Process, payment and purchase were SAVED! [] []
[2016-06-13 14:26:06] app.INFO: Executing event: 'shop.payment.completed' [] []
[2016-06-13 14:26:06] app.INFO: php /var/www/wolopay/app/../bin/console shop:business_intelligent:send '' --env=dev [] []
[2016-06-13 14:26:06] app.INFO: php /var/www/wolopay/app/../bin/console shop:business_intelligent:send '' --env=dev [] []
[2016-06-13 14:26:06] app.DEBUG: manage appNotification to send [] []
[2016-06-13 14:26:06] app.INFO: exec: php /var/www/wolopay/app/../bin/console shop:app_notification:send WONOT_575ec27e6900c --env=dev [] []
[2016-06-13 14:26:06] app.INFO: send node event, event: 'response_transaction_status_updated_secure', data: 'Array (     [transactionId] => WOT_575ec148720fd )  [] []
[2016-06-13 14:26:06] app.DEBUG: Connecting to the websocket [] []
[2016-06-13 14:26:06] app.DEBUG: Connected to the server [] []
[2016-06-13 14:26:06] app.DEBUG: Sending a new message {"event":"response_transaction_status_updated_secure","args":{"transactionId":"WOT_575ec148720fd"}} []
[2016-06-13 14:26:06] app.DEBUG: Closing the connection to the websocket [] []
[2016-06-13 14:26:06] app.INFO: Payment completed with transactionExternalId: WALLET_WOT_575ec148720fd [] []
--------------------- app.HEADER: New Request http://sym2_pay_gateway.dev/shop/payment/begin/WOT_575ec3194df35/en/85/e38360e8-3146-11e6-bdad-902b3456f033/ES, GET: , POST: 
[2016-06-13 14:28:54] app.DEBUG: Verifications to articleId: e38360e8-3146-11e6-bdad-902b3456f033 - single_payment [] []
[2016-06-13 14:28:54] app.DEBUG: PaymentDetailHasArticles begin 0 [] []
[2016-06-13 14:28:54] app.DEBUG: Created a new PaymentDetailHasArticles [] []
[2016-06-13 14:28:54] app.DEBUG: ExtraCost: AppBundle\Payment\Util\CartExtraCost\ExtraCostsRules\ExtraCostByPMPCRule [N/A] [] []
[2016-06-13 14:28:54] app.DEBUG: PaymeentDetailHasArticles end 1 [] []
[2016-06-13 14:28:54] app.INFO: Total amount: 50EUR, Profit sharing, Provider: 2.5, Wolo: 0.1, Game: 38.722314049587, Tax: 8.6776859504132 [] []
[2016-06-13 14:28:54] app.INFO: ArticleGiven set: Pistol Single Payment [] []
[2016-06-13 14:28:54] app.INFO: JIJIJI [] []
[2016-06-13 14:28:54] app.INFO: Payment Process, payment and purchase were SAVED! [] []
[2016-06-13 14:28:54] app.INFO: Executing event: 'shop.payment.completed' [] []
[2016-06-13 14:28:54] app.INFO: php /var/www/wolopay/app/../bin/console shop:business_intelligent:send '' --env=dev [] []
[2016-06-13 14:28:54] app.INFO: php /var/www/wolopay/app/../bin/console shop:business_intelligent:send '' --env=dev [] []
[2016-06-13 14:28:54] app.DEBUG: manage appNotification to send [] []
[2016-06-13 14:28:54] app.INFO: exec: php /var/www/wolopay/app/../bin/console shop:app_notification:send WONOT_575ec326b7d67 --env=dev [] []
[2016-06-13 14:28:54] app.INFO: send node event, event: 'response_transaction_status_updated_secure', data: 'Array (     [transactionId] => WOT_575ec3194df35 )  [] []
[2016-06-13 14:28:54] app.DEBUG: Connecting to the websocket [] []
[2016-06-13 14:28:55] app.DEBUG: Connected to the server [] []
[2016-06-13 14:28:55] app.DEBUG: Sending a new message {"event":"response_transaction_status_updated_secure","args":{"transactionId":"WOT_575ec3194df35"}} []
[2016-06-13 14:28:55] app.DEBUG: Closing the connection to the websocket [] []
[2016-06-13 14:28:55] app.INFO: Payment completed with transactionExternalId: WALLET_WOT_575ec3194df35 [] []
--------------------- app.HEADER: New Request http://sym2_pay_gateway.dev/shop/payment/begin/WOT_575ec3bfa075f/en/85/e38360e8-3146-11e6-bdad-902b3456f033/ES, GET: , POST: 
[2016-06-13 14:31:45] app.DEBUG: Verifications to articleId: e38360e8-3146-11e6-bdad-902b3456f033 - single_payment [] []
[2016-06-13 14:31:45] app.DEBUG: PaymentDetailHasArticles begin 0 [] []
[2016-06-13 14:31:45] app.DEBUG: Created a new PaymentDetailHasArticles [] []
[2016-06-13 14:31:45] app.DEBUG: ExtraCost: AppBundle\Payment\Util\CartExtraCost\ExtraCostsRules\ExtraCostByPMPCRule [N/A] [] []
[2016-06-13 14:31:45] app.DEBUG: PaymeentDetailHasArticles end 1 [] []
[2016-06-13 14:31:45] app.INFO: Total amount: 50EUR, Profit sharing, Provider: 2.5, Wolo: 0.1, Game: 38.722314049587, Tax: 8.6776859504132 [] []
[2016-06-13 14:31:45] app.INFO: ArticleGiven set: Pistol Single Payment [] []
[2016-06-13 14:31:45] app.INFO: JIJIJI [] []
[2016-06-13 14:31:45] app.INFO: Payment Process, payment and purchase were SAVED! [] []
[2016-06-13 14:31:45] app.INFO: Executing event: 'shop.payment.completed' [] []
[2016-06-13 14:31:45] app.INFO: php /var/www/wolopay/app/../bin/console shop:business_intelligent:send '' --env=dev [] []
[2016-06-13 14:31:45] app.INFO: php /var/www/wolopay/app/../bin/console shop:business_intelligent:send '' --env=dev [] []
[2016-06-13 14:31:45] app.DEBUG: manage appNotification to send [] []
[2016-06-13 14:31:45] app.INFO: exec: php /var/www/wolopay/app/../bin/console shop:app_notification:send WONOT_575ec3d1bf124 --env=dev [] []
[2016-06-13 14:31:45] app.INFO: send node event, event: 'response_transaction_status_updated_secure', data: 'Array (     [transactionId] => WOT_575ec3bfa075f )  [] []
[2016-06-13 14:31:45] app.DEBUG: Connecting to the websocket [] []
[2016-06-13 14:31:46] app.DEBUG: Connected to the server [] []
[2016-06-13 14:31:46] app.DEBUG: Sending a new message {"event":"response_transaction_status_updated_secure","args":{"transactionId":"WOT_575ec3bfa075f"}} []
[2016-06-13 14:31:46] app.DEBUG: Closing the connection to the websocket [] []
[2016-06-13 14:31:46] app.INFO: Payment completed with transactionExternalId: WALLET_WOT_575ec3bfa075f [] []
--------------------- app.HEADER: New Request http://sym2_pay_gateway.dev/shop/payment/begin/WOT_575ec3e19c6ce/en/85/e38360e8-3146-11e6-bdad-902b3456f033/ES, GET: , POST: 
[2016-06-13 14:32:22] app.DEBUG: Verifications to articleId: e38360e8-3146-11e6-bdad-902b3456f033 - single_payment [] []
[2016-06-13 14:32:22] app.DEBUG: PaymentDetailHasArticles begin 0 [] []
[2016-06-13 14:32:22] app.DEBUG: Created a new PaymentDetailHasArticles [] []
[2016-06-13 14:32:22] app.DEBUG: ExtraCost: AppBundle\Payment\Util\CartExtraCost\ExtraCostsRules\ExtraCostByPMPCRule [N/A] [] []
[2016-06-13 14:32:22] app.DEBUG: PaymeentDetailHasArticles end 1 [] []
[2016-06-13 14:32:22] app.INFO: Total amount: 50EUR, Profit sharing, Provider: 2.5, Wolo: 0.1, Game: 38.722314049587, Tax: 8.6776859504132 [] []
[2016-06-13 14:32:22] app.INFO: ArticleGiven set: Pistol Single Payment [] []
[2016-06-13 14:32:22] app.INFO: JIJIJI [] []
[2016-06-13 14:32:22] app.INFO: Payment Process, payment and purchase were SAVED! [] []
[2016-06-13 14:32:22] app.INFO: Executing event: 'shop.payment.completed' [] []
[2016-06-13 14:32:22] app.INFO: php /var/www/wolopay/app/../bin/console shop:business_intelligent:send '' --env=dev [] []
[2016-06-13 14:32:22] app.INFO: php /var/www/wolopay/app/../bin/console shop:business_intelligent:send '' --env=dev [] []
[2016-06-13 14:32:22] app.DEBUG: manage appNotification to send [] []
[2016-06-13 14:32:22] app.INFO: exec: php /var/www/wolopay/app/../bin/console shop:app_notification:send WONOT_575ec3f6c0f10 --env=dev [] []
[2016-06-13 14:32:23] app.INFO: send node event, event: 'response_transaction_status_updated_secure', data: 'Array (     [transactionId] => WOT_575ec3e19c6ce )  [] []
[2016-06-13 14:32:23] app.DEBUG: Connecting to the websocket [] []
[2016-06-13 14:32:23] app.DEBUG: Connected to the server [] []
[2016-06-13 14:32:23] app.DEBUG: Sending a new message {"event":"response_transaction_status_updated_secure","args":{"transactionId":"WOT_575ec3e19c6ce"}} []
[2016-06-13 14:32:23] app.DEBUG: Closing the connection to the websocket [] []
[2016-06-13 14:32:23] app.INFO: Payment completed with transactionExternalId: WALLET_WOT_575ec3e19c6ce [] []
--------------------- app.HEADER: New Request http://sym2_pay_gateway.dev/shop/payment/begin/WOT_575ec43aa57da/en/85/e38360e8-3146-11e6-bdad-902b3456f033/ES, GET: , POST: 
[2016-06-13 14:33:43] app.DEBUG: Verifications to articleId: e38360e8-3146-11e6-bdad-902b3456f033 - single_payment [] []
[2016-06-13 14:33:43] app.DEBUG: PaymentDetailHasArticles begin 0 [] []
[2016-06-13 14:33:43] app.DEBUG: Created a new PaymentDetailHasArticles [] []
[2016-06-13 14:33:43] app.DEBUG: ExtraCost: AppBundle\Payment\Util\CartExtraCost\ExtraCostsRules\ExtraCostByPMPCRule [N/A] [] []
[2016-06-13 14:33:43] app.DEBUG: PaymeentDetailHasArticles end 1 [] []
[2016-06-13 14:33:43] app.INFO: Total amount: 50EUR, Profit sharing, Provider: 2.5, Wolo: 0.1, Game: 38.722314049587, Tax: 8.6776859504132 [] []
[2016-06-13 14:33:43] app.INFO: ArticleGiven set: Pistol Single Payment [] []
[2016-06-13 14:33:43] app.INFO: JIJIJI [] []
[2016-06-13 14:33:43] app.INFO: Payment Process, payment and purchase were SAVED! [] []
[2016-06-13 14:33:43] app.INFO: Executing event: 'shop.payment.completed' [] []
[2016-06-13 14:33:43] app.INFO: php /var/www/wolopay/app/../bin/console shop:business_intelligent:send '' --env=dev [] []
[2016-06-13 14:33:43] app.INFO: php /var/www/wolopay/app/../bin/console shop:business_intelligent:send '' --env=dev [] []
[2016-06-13 14:33:43] app.DEBUG: manage appNotification to send [] []
[2016-06-13 14:33:43] app.INFO: exec: php /var/www/wolopay/app/../bin/console shop:app_notification:send WONOT_575ec447775ce --env=dev [] []
[2016-06-13 14:33:43] app.INFO: send node event, event: 'response_transaction_status_updated_secure', data: 'Array (     [transactionId] => WOT_575ec43aa57da )  [] []
[2016-06-13 14:33:43] app.DEBUG: Connecting to the websocket [] []
[2016-06-13 14:33:43] app.DEBUG: Connected to the server [] []
[2016-06-13 14:33:43] app.DEBUG: Sending a new message {"event":"response_transaction_status_updated_secure","args":{"transactionId":"WOT_575ec43aa57da"}} []
[2016-06-13 14:33:43] app.DEBUG: Closing the connection to the websocket [] []
[2016-06-13 14:33:43] app.INFO: Payment completed with transactionExternalId: WALLET_WOT_575ec43aa57da [] []
--------------------- app.HEADER: New Request http://sym2_pay_gateway.dev/shop/payment/begin/WOT_575ec5c0adba7/en/85/e38360e8-3146-11e6-bdad-902b3456f033/ES, GET: , POST: 
[2016-06-13 14:40:14] app.DEBUG: Verifications to articleId: e38360e8-3146-11e6-bdad-902b3456f033 - single_payment [] []
[2016-06-13 14:40:14] app.DEBUG: PaymentDetailHasArticles begin 0 [] []
[2016-06-13 14:40:14] app.DEBUG: Created a new PaymentDetailHasArticles [] []
[2016-06-13 14:40:14] app.DEBUG: ExtraCost: AppBundle\Payment\Util\CartExtraCost\ExtraCostsRules\ExtraCostByPMPCRule [N/A] [] []
[2016-06-13 14:40:14] app.DEBUG: PaymeentDetailHasArticles end 1 [] []
[2016-06-13 14:40:14] app.INFO: Total amount: 50EUR, Profit sharing, Provider: 2.5, Wolo: 0.1, Game: 38.722314049587, Tax: 8.6776859504132 [] []
[2016-06-13 14:40:14] app.INFO: ArticleGiven set: Pistol Single Payment [] []
[2016-06-13 14:40:14] app.INFO: Payment Process, payment and purchase were SAVED! [] []
[2016-06-13 14:40:14] app.INFO: Executing event: 'shop.payment.completed' [] []
[2016-06-13 14:40:14] app.INFO: php /var/www/wolopay/app/../bin/console shop:business_intelligent:send '' --env=dev [] []
[2016-06-13 14:40:14] app.INFO: php /var/www/wolopay/app/../bin/console shop:business_intelligent:send '' --env=dev [] []
[2016-06-13 14:40:14] app.DEBUG: manage appNotification to send [] []
[2016-06-13 14:40:14] app.INFO: exec: php /var/www/wolopay/app/../bin/console shop:app_notification:send WONOT_575ec5ce894de --env=dev [] []
[2016-06-13 14:40:14] app.INFO: send node event, event: 'response_transaction_status_updated_secure', data: 'Array (     [transactionId] => WOT_575ec5c0adba7 )  [] []
[2016-06-13 14:40:14] app.DEBUG: Connecting to the websocket [] []
[2016-06-13 14:40:14] app.DEBUG: Connected to the server [] []
[2016-06-13 14:40:14] app.DEBUG: Sending a new message {"event":"response_transaction_status_updated_secure","args":{"transactionId":"WOT_575ec5c0adba7"}} []
[2016-06-13 14:40:14] app.DEBUG: Closing the connection to the websocket [] []
[2016-06-13 14:40:15] app.INFO: Payment completed with transactionExternalId: WALLET_WOT_575ec5c0adba7 [] []
--------------------- app.HEADER: New Request http://sym2_pay_gateway.dev/shop/payment/begin/WOT_575ec5d8e483d/en/85/e38360e8-3146-11e6-bdad-902b3456f033/ES, GET: , POST: 
[2016-06-13 14:41:08] app.DEBUG: Verifications to articleId: e38360e8-3146-11e6-bdad-902b3456f033 - single_payment [] []
[2016-06-13 14:41:08] app.DEBUG: PaymentDetailHasArticles begin 0 [] []
[2016-06-13 14:41:08] app.DEBUG: Created a new PaymentDetailHasArticles [] []
[2016-06-13 14:41:08] app.DEBUG: ExtraCost: AppBundle\Payment\Util\CartExtraCost\ExtraCostsRules\ExtraCostByPMPCRule [N/A] [] []
[2016-06-13 14:41:08] app.DEBUG: PaymeentDetailHasArticles end 1 [] []
[2016-06-13 14:41:08] app.INFO: Total amount: 50EUR, Profit sharing, Provider: 2.5, Wolo: 0.1, Game: 38.722314049587, Tax: 8.6776859504132 [] []
[2016-06-13 14:41:08] app.INFO: ArticleGiven set: Pistol Single Payment [] []
[2016-06-13 14:41:08] app.INFO: Payment Process, payment and purchase were SAVED! [] []
[2016-06-13 14:41:08] app.INFO: Executing event: 'shop.payment.completed' [] []
[2016-06-13 14:41:08] app.INFO: php /var/www/wolopay/app/../bin/console shop:business_intelligent:send '' --env=dev [] []
[2016-06-13 14:41:08] app.INFO: php /var/www/wolopay/app/../bin/console shop:business_intelligent:send '' --env=dev [] []
[2016-06-13 14:41:08] app.DEBUG: manage appNotification to send [] []
[2016-06-13 14:41:08] app.INFO: exec: php /var/www/wolopay/app/../bin/console shop:app_notification:send WONOT_575ec604ccea8 --env=dev [] []
[2016-06-13 14:41:08] app.INFO: send node event, event: 'response_transaction_status_updated_secure', data: 'Array (     [transactionId] => WOT_575ec5d8e483d )  [] []
[2016-06-13 14:41:08] app.DEBUG: Connecting to the websocket [] []
[2016-06-13 14:41:09] app.DEBUG: Connected to the server [] []
[2016-06-13 14:41:09] app.DEBUG: Sending a new message {"event":"response_transaction_status_updated_secure","args":{"transactionId":"WOT_575ec5d8e483d"}} []
[2016-06-13 14:41:09] app.DEBUG: Closing the connection to the websocket [] []
[2016-06-13 14:41:09] app.INFO: Payment completed with transactionExternalId: WALLET_WOT_575ec5d8e483d [] []
--------------------- app.HEADER: New Request http://sym2_pay_gateway.dev/shop/payment/begin/WOT_575ec62bcbacc/en/85/e38360e8-3146-11e6-bdad-902b3456f033/ES, GET: , POST: 
[2016-06-13 14:42:02] app.DEBUG: Verifications to articleId: e38360e8-3146-11e6-bdad-902b3456f033 - single_payment [] []
[2016-06-13 14:42:02] app.DEBUG: PaymentDetailHasArticles begin 0 [] []
[2016-06-13 14:42:02] app.DEBUG: Created a new PaymentDetailHasArticles [] []
[2016-06-13 14:42:02] app.DEBUG: ExtraCost: AppBundle\Payment\Util\CartExtraCost\ExtraCostsRules\ExtraCostByPMPCRule [N/A] [] []
[2016-06-13 14:42:02] app.DEBUG: PaymeentDetailHasArticles end 1 [] []
[2016-06-13 14:42:02] app.INFO: Total amount: 50EUR, Profit sharing, Provider: 2.5, Wolo: 0.1, Game: 38.722314049587, Tax: 8.6776859504132 [] []
[2016-06-13 14:42:02] app.INFO: ArticleGiven set: Pistol Single Payment [] []
[2016-06-13 14:42:02] app.INFO: Payment Process, payment and purchase were SAVED! [] []
[2016-06-13 14:42:02] app.INFO: Executing event: 'shop.payment.completed' [] []
[2016-06-13 14:42:02] app.INFO: php /var/www/wolopay/app/../bin/console shop:business_intelligent:send '' --env=dev [] []
[2016-06-13 14:42:02] app.INFO: php /var/www/wolopay/app/../bin/console shop:business_intelligent:send '' --env=dev [] []
[2016-06-13 14:42:02] app.DEBUG: manage appNotification to send [] []
[2016-06-13 14:42:02] app.INFO: exec: php /var/www/wolopay/app/../bin/console shop:app_notification:send WONOT_575ec63ab9bd4 --env=dev [] []
[2016-06-13 14:42:02] app.INFO: send node event, event: 'response_transaction_status_updated_secure', data: 'Array (     [transactionId] => WOT_575ec62bcbacc )  [] []
[2016-06-13 14:42:02] app.DEBUG: Connecting to the websocket [] []
[2016-06-13 14:42:02] app.DEBUG: Connected to the server [] []
[2016-06-13 14:42:02] app.DEBUG: Sending a new message {"event":"response_transaction_status_updated_secure","args":{"transactionId":"WOT_575ec62bcbacc"}} []
[2016-06-13 14:42:03] app.DEBUG: Closing the connection to the websocket [] []
[2016-06-13 14:42:03] app.INFO: Payment completed with transactionExternalId: WALLET_WOT_575ec62bcbacc [] []
